/home/aa7514/miniconda3/envs/sn_coreset/lib/python3.7/site-packages/tensorflow/python/framework/dtypes.py:526: FutureWarning: Passing (type, 1) or '1type' as a synonym of type is deprecated; in a future version of numpy, it will be understood as (type, (1,)) / '(1,)type'.
  _np_qint8 = np.dtype([("qint8", np.int8, 1)])
/home/aa7514/miniconda3/envs/sn_coreset/lib/python3.7/site-packages/tensorflow/python/framework/dtypes.py:527: FutureWarning: Passing (type, 1) or '1type' as a synonym of type is deprecated; in a future version of numpy, it will be understood as (type, (1,)) / '(1,)type'.
  _np_quint8 = np.dtype([("quint8", np.uint8, 1)])
/home/aa7514/miniconda3/envs/sn_coreset/lib/python3.7/site-packages/tensorflow/python/framework/dtypes.py:528: FutureWarning: Passing (type, 1) or '1type' as a synonym of type is deprecated; in a future version of numpy, it will be understood as (type, (1,)) / '(1,)type'.
  _np_qint16 = np.dtype([("qint16", np.int16, 1)])
/home/aa7514/miniconda3/envs/sn_coreset/lib/python3.7/site-packages/tensorflow/python/framework/dtypes.py:529: FutureWarning: Passing (type, 1) or '1type' as a synonym of type is deprecated; in a future version of numpy, it will be understood as (type, (1,)) / '(1,)type'.
  _np_quint16 = np.dtype([("quint16", np.uint16, 1)])
/home/aa7514/miniconda3/envs/sn_coreset/lib/python3.7/site-packages/tensorflow/python/framework/dtypes.py:530: FutureWarning: Passing (type, 1) or '1type' as a synonym of type is deprecated; in a future version of numpy, it will be understood as (type, (1,)) / '(1,)type'.
  _np_qint32 = np.dtype([("qint32", np.int32, 1)])
/home/aa7514/miniconda3/envs/sn_coreset/lib/python3.7/site-packages/tensorflow/python/framework/dtypes.py:535: FutureWarning: Passing (type, 1) or '1type' as a synonym of type is deprecated; in a future version of numpy, it will be understood as (type, (1,)) / '(1,)type'.
  np_resource = np.dtype([("resource", np.ubyte, 1)])
/home/aa7514/servenet_coreset/utils.py:49: UserWarning: To copy construct from a tensor, it is recommended to use sourceTensor.clone().detach() or sourceTensor.clone().detach().requires_grad_(True), rather than torch.tensor(sourceTensor).
  total_targets = torch.tensor(integer_encoded)
/home/aa7514/servenet_coreset/utils.py:53: UserWarning: To copy construct from a tensor, it is recommended to use sourceTensor.clone().detach() or sourceTensor.clone().detach().requires_grad_(True), rather than torch.tensor(sourceTensor).
  desc_list.append(torch.tensor(value))
/home/aa7514/servenet_coreset/utils.py:57: UserWarning: To copy construct from a tensor, it is recommended to use sourceTensor.clone().detach() or sourceTensor.clone().detach().requires_grad_(True), rather than torch.tensor(sourceTensor).
  name_list.append(torch.tensor(value))
/home/aa7514/servenet_coreset/utils.py:94: UserWarning: To copy construct from a tensor, it is recommended to use sourceTensor.clone().detach() or sourceTensor.clone().detach().requires_grad_(True), rather than torch.tensor(sourceTensor).
  desc_list.append(torch.tensor(value))
/home/aa7514/servenet_coreset/utils.py:98: UserWarning: To copy construct from a tensor, it is recommended to use sourceTensor.clone().detach() or sourceTensor.clone().detach().requires_grad_(True), rather than torch.tensor(sourceTensor).
  name_list.append(torch.tensor(value))
Some weights of the model checkpoint at bert-base-uncased were not used when initializing BertModel: ['cls.seq_relationship.bias', 'cls.predictions.transform.dense.weight', 'cls.predictions.transform.LayerNorm.bias', 'cls.predictions.transform.LayerNorm.weight', 'cls.seq_relationship.weight', 'cls.predictions.bias', 'cls.predictions.decoder.weight', 'cls.predictions.transform.dense.bias']
- This IS expected if you are initializing BertModel from the checkpoint of a model trained on another task or with another architecture (e.g. initializing a BertForSequenceClassification model from a BertForPreTraining model).
- This IS NOT expected if you are initializing BertModel from the checkpoint of a model that you expect to be exactly identical (initializing a BertForSequenceClassification model from a BertForSequenceClassification model).
Some weights of the model checkpoint at bert-base-uncased were not used when initializing BertModel: ['cls.seq_relationship.bias', 'cls.predictions.transform.dense.weight', 'cls.predictions.transform.LayerNorm.bias', 'cls.predictions.transform.LayerNorm.weight', 'cls.seq_relationship.weight', 'cls.predictions.bias', 'cls.predictions.decoder.weight', 'cls.predictions.transform.dense.bias']
- This IS expected if you are initializing BertModel from the checkpoint of a model trained on another task or with another architecture (e.g. initializing a BertForSequenceClassification model from a BertForPreTraining model).
- This IS NOT expected if you are initializing BertModel from the checkpoint of a model that you expect to be exactly identical (initializing a BertForSequenceClassification model from a BertForSequenceClassification model).
OMP: Info #155: KMP_AFFINITY: Initial OS proc set respected: 18
OMP: Info #216: KMP_AFFINITY: decoding x2APIC ids.
OMP: Info #157: KMP_AFFINITY: 1 available OS procs
OMP: Info #158: KMP_AFFINITY: Uniform topology
OMP: Info #287: KMP_AFFINITY: topology layer "LL cache" is equivalent to "socket".
OMP: Info #287: KMP_AFFINITY: topology layer "L3 cache" is equivalent to "socket".
OMP: Info #287: KMP_AFFINITY: topology layer "L2 cache" is equivalent to "core".
OMP: Info #287: KMP_AFFINITY: topology layer "L1 cache" is equivalent to "core".
OMP: Info #192: KMP_AFFINITY: 1 socket x 1 core/socket x 1 thread/core (1 total cores)
OMP: Info #218: KMP_AFFINITY: OS proc to physical thread map:
OMP: Info #172: KMP_AFFINITY: OS proc 18 maps to socket 1 core 0 thread 0 
OMP: Info #254: KMP_AFFINITY: pid 29533 tid 29533 thread 0 bound to OS proc set 18
OMP: Info #155: KMP_AFFINITY: Initial OS proc set respected: 18
OMP: Info #216: KMP_AFFINITY: decoding x2APIC ids.
OMP: Info #157: KMP_AFFINITY: 1 available OS procs
OMP: Info #158: KMP_AFFINITY: Uniform topology
OMP: Info #287: KMP_AFFINITY: topology layer "LL cache" is equivalent to "socket".
OMP: Info #287: KMP_AFFINITY: topology layer "L3 cache" is equivalent to "socket".
OMP: Info #287: KMP_AFFINITY: topology layer "L2 cache" is equivalent to "core".
OMP: Info #287: KMP_AFFINITY: topology layer "L1 cache" is equivalent to "core".
OMP: Info #192: KMP_AFFINITY: 1 socket x 1 core/socket x 1 thread/core (1 total cores)
OMP: Info #218: KMP_AFFINITY: OS proc to physical thread map:
OMP: Info #172: KMP_AFFINITY: OS proc 18 maps to socket 1 core 0 thread 0 
OMP: Info #254: KMP_AFFINITY: pid 29992 tid 29992 thread 0 bound to OS proc set 18
OMP: Info #155: KMP_AFFINITY: Initial OS proc set respected: 18
OMP: Info #216: KMP_AFFINITY: decoding x2APIC ids.
OMP: Info #157: KMP_AFFINITY: 1 available OS procs
OMP: Info #158: KMP_AFFINITY: Uniform topology
OMP: Info #287: KMP_AFFINITY: topology layer "LL cache" is equivalent to "socket".
OMP: Info #287: KMP_AFFINITY: topology layer "L3 cache" is equivalent to "socket".
OMP: Info #287: KMP_AFFINITY: topology layer "L2 cache" is equivalent to "core".
OMP: Info #287: KMP_AFFINITY: topology layer "L1 cache" is equivalent to "core".
OMP: Info #192: KMP_AFFINITY: 1 socket x 1 core/socket x 1 thread/core (1 total cores)
OMP: Info #218: KMP_AFFINITY: OS proc to physical thread map:
OMP: Info #172: KMP_AFFINITY: OS proc 18 maps to socket 1 core 0 thread 0 
OMP: Info #254: KMP_AFFINITY: pid 30105 tid 30105 thread 0 bound to OS proc set 18
OMP: Info #155: KMP_AFFINITY: Initial OS proc set respected: 18
OMP: Info #216: KMP_AFFINITY: decoding x2APIC ids.
OMP: Info #157: KMP_AFFINITY: 1 available OS procs
OMP: Info #158: KMP_AFFINITY: Uniform topology
OMP: Info #287: KMP_AFFINITY: topology layer "LL cache" is equivalent to "socket".
OMP: Info #287: KMP_AFFINITY: topology layer "L3 cache" is equivalent to "socket".
OMP: Info #287: KMP_AFFINITY: topology layer "L2 cache" is equivalent to "core".
OMP: Info #287: KMP_AFFINITY: topology layer "L1 cache" is equivalent to "core".
OMP: Info #192: KMP_AFFINITY: 1 socket x 1 core/socket x 1 thread/core (1 total cores)
OMP: Info #218: KMP_AFFINITY: OS proc to physical thread map:
OMP: Info #172: KMP_AFFINITY: OS proc 18 maps to socket 1 core 0 thread 0 
OMP: Info #254: KMP_AFFINITY: pid 30488 tid 30488 thread 0 bound to OS proc set 18
OMP: Info #155: KMP_AFFINITY: Initial OS proc set respected: 18
OMP: Info #216: KMP_AFFINITY: decoding x2APIC ids.
OMP: Info #157: KMP_AFFINITY: 1 available OS procs
OMP: Info #158: KMP_AFFINITY: Uniform topology
OMP: Info #287: KMP_AFFINITY: topology layer "LL cache" is equivalent to "socket".
OMP: Info #287: KMP_AFFINITY: topology layer "L3 cache" is equivalent to "socket".
OMP: Info #287: KMP_AFFINITY: topology layer "L2 cache" is equivalent to "core".
OMP: Info #287: KMP_AFFINITY: topology layer "L1 cache" is equivalent to "core".
OMP: Info #192: KMP_AFFINITY: 1 socket x 1 core/socket x 1 thread/core (1 total cores)
OMP: Info #218: KMP_AFFINITY: OS proc to physical thread map:
OMP: Info #172: KMP_AFFINITY: OS proc 18 maps to socket 1 core 0 thread 0 
OMP: Info #254: KMP_AFFINITY: pid 30616 tid 30616 thread 0 bound to OS proc set 18
OMP: Info #155: KMP_AFFINITY: Initial OS proc set respected: 18
OMP: Info #216: KMP_AFFINITY: decoding x2APIC ids.
OMP: Info #157: KMP_AFFINITY: 1 available OS procs
OMP: Info #158: KMP_AFFINITY: Uniform topology
OMP: Info #287: KMP_AFFINITY: topology layer "LL cache" is equivalent to "socket".
OMP: Info #287: KMP_AFFINITY: topology layer "L3 cache" is equivalent to "socket".
OMP: Info #287: KMP_AFFINITY: topology layer "L2 cache" is equivalent to "core".
OMP: Info #287: KMP_AFFINITY: topology layer "L1 cache" is equivalent to "core".
OMP: Info #192: KMP_AFFINITY: 1 socket x 1 core/socket x 1 thread/core (1 total cores)
OMP: Info #218: KMP_AFFINITY: OS proc to physical thread map:
OMP: Info #172: KMP_AFFINITY: OS proc 18 maps to socket 1 core 0 thread 0 
OMP: Info #254: KMP_AFFINITY: pid 30992 tid 30992 thread 0 bound to OS proc set 18
OMP: Info #155: KMP_AFFINITY: Initial OS proc set respected: 18
OMP: Info #216: KMP_AFFINITY: decoding x2APIC ids.
OMP: Info #157: KMP_AFFINITY: 1 available OS procs
OMP: Info #158: KMP_AFFINITY: Uniform topology
OMP: Info #287: KMP_AFFINITY: topology layer "LL cache" is equivalent to "socket".
OMP: Info #287: KMP_AFFINITY: topology layer "L3 cache" is equivalent to "socket".
OMP: Info #287: KMP_AFFINITY: topology layer "L2 cache" is equivalent to "core".
OMP: Info #287: KMP_AFFINITY: topology layer "L1 cache" is equivalent to "core".
OMP: Info #192: KMP_AFFINITY: 1 socket x 1 core/socket x 1 thread/core (1 total cores)
OMP: Info #218: KMP_AFFINITY: OS proc to physical thread map:
OMP: Info #172: KMP_AFFINITY: OS proc 18 maps to socket 1 core 0 thread 0 
OMP: Info #254: KMP_AFFINITY: pid 31109 tid 31109 thread 0 bound to OS proc set 18
OMP: Info #155: KMP_AFFINITY: Initial OS proc set respected: 18
OMP: Info #216: KMP_AFFINITY: decoding x2APIC ids.
OMP: Info #157: KMP_AFFINITY: 1 available OS procs
OMP: Info #158: KMP_AFFINITY: Uniform topology
OMP: Info #287: KMP_AFFINITY: topology layer "LL cache" is equivalent to "socket".
OMP: Info #287: KMP_AFFINITY: topology layer "L3 cache" is equivalent to "socket".
OMP: Info #287: KMP_AFFINITY: topology layer "L2 cache" is equivalent to "core".
OMP: Info #287: KMP_AFFINITY: topology layer "L1 cache" is equivalent to "core".
OMP: Info #192: KMP_AFFINITY: 1 socket x 1 core/socket x 1 thread/core (1 total cores)
OMP: Info #218: KMP_AFFINITY: OS proc to physical thread map:
OMP: Info #172: KMP_AFFINITY: OS proc 18 maps to socket 1 core 0 thread 0 
OMP: Info #254: KMP_AFFINITY: pid 31486 tid 31486 thread 0 bound to OS proc set 18
OMP: Info #155: KMP_AFFINITY: Initial OS proc set respected: 18
OMP: Info #216: KMP_AFFINITY: decoding x2APIC ids.
OMP: Info #157: KMP_AFFINITY: 1 available OS procs
OMP: Info #158: KMP_AFFINITY: Uniform topology
OMP: Info #287: KMP_AFFINITY: topology layer "LL cache" is equivalent to "socket".
OMP: Info #287: KMP_AFFINITY: topology layer "L3 cache" is equivalent to "socket".
OMP: Info #287: KMP_AFFINITY: topology layer "L2 cache" is equivalent to "core".
OMP: Info #287: KMP_AFFINITY: topology layer "L1 cache" is equivalent to "core".
OMP: Info #192: KMP_AFFINITY: 1 socket x 1 core/socket x 1 thread/core (1 total cores)
OMP: Info #218: KMP_AFFINITY: OS proc to physical thread map:
OMP: Info #172: KMP_AFFINITY: OS proc 18 maps to socket 1 core 0 thread 0 
OMP: Info #254: KMP_AFFINITY: pid 31615 tid 31615 thread 0 bound to OS proc set 18
OMP: Info #155: KMP_AFFINITY: Initial OS proc set respected: 18
OMP: Info #216: KMP_AFFINITY: decoding x2APIC ids.
OMP: Info #157: KMP_AFFINITY: 1 available OS procs
OMP: Info #158: KMP_AFFINITY: Uniform topology
OMP: Info #287: KMP_AFFINITY: topology layer "LL cache" is equivalent to "socket".
OMP: Info #287: KMP_AFFINITY: topology layer "L3 cache" is equivalent to "socket".
OMP: Info #287: KMP_AFFINITY: topology layer "L2 cache" is equivalent to "core".
OMP: Info #287: KMP_AFFINITY: topology layer "L1 cache" is equivalent to "core".
OMP: Info #192: KMP_AFFINITY: 1 socket x 1 core/socket x 1 thread/core (1 total cores)
OMP: Info #218: KMP_AFFINITY: OS proc to physical thread map:
OMP: Info #172: KMP_AFFINITY: OS proc 18 maps to socket 1 core 0 thread 0 
OMP: Info #254: KMP_AFFINITY: pid 32000 tid 32000 thread 0 bound to OS proc set 18
OMP: Info #155: KMP_AFFINITY: Initial OS proc set respected: 18
OMP: Info #216: KMP_AFFINITY: decoding x2APIC ids.
OMP: Info #157: KMP_AFFINITY: 1 available OS procs
OMP: Info #158: KMP_AFFINITY: Uniform topology
OMP: Info #287: KMP_AFFINITY: topology layer "LL cache" is equivalent to "socket".
OMP: Info #287: KMP_AFFINITY: topology layer "L3 cache" is equivalent to "socket".
OMP: Info #287: KMP_AFFINITY: topology layer "L2 cache" is equivalent to "core".
OMP: Info #287: KMP_AFFINITY: topology layer "L1 cache" is equivalent to "core".
OMP: Info #192: KMP_AFFINITY: 1 socket x 1 core/socket x 1 thread/core (1 total cores)
OMP: Info #218: KMP_AFFINITY: OS proc to physical thread map:
OMP: Info #172: KMP_AFFINITY: OS proc 18 maps to socket 1 core 0 thread 0 
OMP: Info #254: KMP_AFFINITY: pid 32117 tid 32117 thread 0 bound to OS proc set 18
OMP: Info #155: KMP_AFFINITY: Initial OS proc set respected: 18
OMP: Info #216: KMP_AFFINITY: decoding x2APIC ids.
OMP: Info #157: KMP_AFFINITY: 1 available OS procs
OMP: Info #158: KMP_AFFINITY: Uniform topology
OMP: Info #287: KMP_AFFINITY: topology layer "LL cache" is equivalent to "socket".
OMP: Info #287: KMP_AFFINITY: topology layer "L3 cache" is equivalent to "socket".
OMP: Info #287: KMP_AFFINITY: topology layer "L2 cache" is equivalent to "core".
OMP: Info #287: KMP_AFFINITY: topology layer "L1 cache" is equivalent to "core".
OMP: Info #192: KMP_AFFINITY: 1 socket x 1 core/socket x 1 thread/core (1 total cores)
OMP: Info #218: KMP_AFFINITY: OS proc to physical thread map:
OMP: Info #172: KMP_AFFINITY: OS proc 18 maps to socket 1 core 0 thread 0 
OMP: Info #254: KMP_AFFINITY: pid 32504 tid 32504 thread 0 bound to OS proc set 18
OMP: Info #155: KMP_AFFINITY: Initial OS proc set respected: 18
OMP: Info #216: KMP_AFFINITY: decoding x2APIC ids.
OMP: Info #157: KMP_AFFINITY: 1 available OS procs
OMP: Info #158: KMP_AFFINITY: Uniform topology
OMP: Info #287: KMP_AFFINITY: topology layer "LL cache" is equivalent to "socket".
OMP: Info #287: KMP_AFFINITY: topology layer "L3 cache" is equivalent to "socket".
OMP: Info #287: KMP_AFFINITY: topology layer "L2 cache" is equivalent to "core".
OMP: Info #287: KMP_AFFINITY: topology layer "L1 cache" is equivalent to "core".
OMP: Info #192: KMP_AFFINITY: 1 socket x 1 core/socket x 1 thread/core (1 total cores)
OMP: Info #218: KMP_AFFINITY: OS proc to physical thread map:
OMP: Info #172: KMP_AFFINITY: OS proc 18 maps to socket 1 core 0 thread 0 
OMP: Info #254: KMP_AFFINITY: pid 32622 tid 32622 thread 0 bound to OS proc set 18
OMP: Info #155: KMP_AFFINITY: Initial OS proc set respected: 18
OMP: Info #216: KMP_AFFINITY: decoding x2APIC ids.
OMP: Info #157: KMP_AFFINITY: 1 available OS procs
OMP: Info #158: KMP_AFFINITY: Uniform topology
OMP: Info #287: KMP_AFFINITY: topology layer "LL cache" is equivalent to "socket".
OMP: Info #287: KMP_AFFINITY: topology layer "L3 cache" is equivalent to "socket".
OMP: Info #287: KMP_AFFINITY: topology layer "L2 cache" is equivalent to "core".
OMP: Info #287: KMP_AFFINITY: topology layer "L1 cache" is equivalent to "core".
OMP: Info #192: KMP_AFFINITY: 1 socket x 1 core/socket x 1 thread/core (1 total cores)
OMP: Info #218: KMP_AFFINITY: OS proc to physical thread map:
OMP: Info #172: KMP_AFFINITY: OS proc 18 maps to socket 1 core 0 thread 0 
OMP: Info #254: KMP_AFFINITY: pid 32995 tid 32995 thread 0 bound to OS proc set 18
OMP: Info #155: KMP_AFFINITY: Initial OS proc set respected: 18
OMP: Info #216: KMP_AFFINITY: decoding x2APIC ids.
OMP: Info #157: KMP_AFFINITY: 1 available OS procs
OMP: Info #158: KMP_AFFINITY: Uniform topology
OMP: Info #287: KMP_AFFINITY: topology layer "LL cache" is equivalent to "socket".
OMP: Info #287: KMP_AFFINITY: topology layer "L3 cache" is equivalent to "socket".
OMP: Info #287: KMP_AFFINITY: topology layer "L2 cache" is equivalent to "core".
OMP: Info #287: KMP_AFFINITY: topology layer "L1 cache" is equivalent to "core".
OMP: Info #192: KMP_AFFINITY: 1 socket x 1 core/socket x 1 thread/core (1 total cores)
OMP: Info #218: KMP_AFFINITY: OS proc to physical thread map:
OMP: Info #172: KMP_AFFINITY: OS proc 18 maps to socket 1 core 0 thread 0 
OMP: Info #254: KMP_AFFINITY: pid 33120 tid 33120 thread 0 bound to OS proc set 18
OMP: Info #155: KMP_AFFINITY: Initial OS proc set respected: 18
OMP: Info #216: KMP_AFFINITY: decoding x2APIC ids.
OMP: Info #157: KMP_AFFINITY: 1 available OS procs
OMP: Info #158: KMP_AFFINITY: Uniform topology
OMP: Info #287: KMP_AFFINITY: topology layer "LL cache" is equivalent to "socket".
OMP: Info #287: KMP_AFFINITY: topology layer "L3 cache" is equivalent to "socket".
OMP: Info #287: KMP_AFFINITY: topology layer "L2 cache" is equivalent to "core".
OMP: Info #287: KMP_AFFINITY: topology layer "L1 cache" is equivalent to "core".
OMP: Info #192: KMP_AFFINITY: 1 socket x 1 core/socket x 1 thread/core (1 total cores)
OMP: Info #218: KMP_AFFINITY: OS proc to physical thread map:
OMP: Info #172: KMP_AFFINITY: OS proc 18 maps to socket 1 core 0 thread 0 
OMP: Info #254: KMP_AFFINITY: pid 33520 tid 33520 thread 0 bound to OS proc set 18
OMP: Info #155: KMP_AFFINITY: Initial OS proc set respected: 18
OMP: Info #216: KMP_AFFINITY: decoding x2APIC ids.
OMP: Info #157: KMP_AFFINITY: 1 available OS procs
OMP: Info #158: KMP_AFFINITY: Uniform topology
OMP: Info #287: KMP_AFFINITY: topology layer "LL cache" is equivalent to "socket".
OMP: Info #287: KMP_AFFINITY: topology layer "L3 cache" is equivalent to "socket".
OMP: Info #287: KMP_AFFINITY: topology layer "L2 cache" is equivalent to "core".
OMP: Info #287: KMP_AFFINITY: topology layer "L1 cache" is equivalent to "core".
OMP: Info #192: KMP_AFFINITY: 1 socket x 1 core/socket x 1 thread/core (1 total cores)
OMP: Info #218: KMP_AFFINITY: OS proc to physical thread map:
OMP: Info #172: KMP_AFFINITY: OS proc 18 maps to socket 1 core 0 thread 0 
OMP: Info #254: KMP_AFFINITY: pid 33638 tid 33638 thread 0 bound to OS proc set 18
OMP: Info #155: KMP_AFFINITY: Initial OS proc set respected: 18
OMP: Info #216: KMP_AFFINITY: decoding x2APIC ids.
OMP: Info #157: KMP_AFFINITY: 1 available OS procs
OMP: Info #158: KMP_AFFINITY: Uniform topology
OMP: Info #287: KMP_AFFINITY: topology layer "LL cache" is equivalent to "socket".
OMP: Info #287: KMP_AFFINITY: topology layer "L3 cache" is equivalent to "socket".
OMP: Info #287: KMP_AFFINITY: topology layer "L2 cache" is equivalent to "core".
OMP: Info #287: KMP_AFFINITY: topology layer "L1 cache" is equivalent to "core".
OMP: Info #192: KMP_AFFINITY: 1 socket x 1 core/socket x 1 thread/core (1 total cores)
OMP: Info #218: KMP_AFFINITY: OS proc to physical thread map:
OMP: Info #172: KMP_AFFINITY: OS proc 18 maps to socket 1 core 0 thread 0 
OMP: Info #254: KMP_AFFINITY: pid 34036 tid 34036 thread 0 bound to OS proc set 18
OMP: Info #155: KMP_AFFINITY: Initial OS proc set respected: 18
OMP: Info #216: KMP_AFFINITY: decoding x2APIC ids.
OMP: Info #157: KMP_AFFINITY: 1 available OS procs
OMP: Info #158: KMP_AFFINITY: Uniform topology
OMP: Info #287: KMP_AFFINITY: topology layer "LL cache" is equivalent to "socket".
OMP: Info #287: KMP_AFFINITY: topology layer "L3 cache" is equivalent to "socket".
OMP: Info #287: KMP_AFFINITY: topology layer "L2 cache" is equivalent to "core".
OMP: Info #287: KMP_AFFINITY: topology layer "L1 cache" is equivalent to "core".
OMP: Info #192: KMP_AFFINITY: 1 socket x 1 core/socket x 1 thread/core (1 total cores)
OMP: Info #218: KMP_AFFINITY: OS proc to physical thread map:
OMP: Info #172: KMP_AFFINITY: OS proc 18 maps to socket 1 core 0 thread 0 
OMP: Info #254: KMP_AFFINITY: pid 34149 tid 34149 thread 0 bound to OS proc set 18
OMP: Info #155: KMP_AFFINITY: Initial OS proc set respected: 18
OMP: Info #216: KMP_AFFINITY: decoding x2APIC ids.
OMP: Info #157: KMP_AFFINITY: 1 available OS procs
OMP: Info #158: KMP_AFFINITY: Uniform topology
OMP: Info #287: KMP_AFFINITY: topology layer "LL cache" is equivalent to "socket".
OMP: Info #287: KMP_AFFINITY: topology layer "L3 cache" is equivalent to "socket".
OMP: Info #287: KMP_AFFINITY: topology layer "L2 cache" is equivalent to "core".
OMP: Info #287: KMP_AFFINITY: topology layer "L1 cache" is equivalent to "core".
OMP: Info #192: KMP_AFFINITY: 1 socket x 1 core/socket x 1 thread/core (1 total cores)
OMP: Info #218: KMP_AFFINITY: OS proc to physical thread map:
OMP: Info #172: KMP_AFFINITY: OS proc 18 maps to socket 1 core 0 thread 0 
OMP: Info #254: KMP_AFFINITY: pid 34541 tid 34541 thread 0 bound to OS proc set 18
OMP: Info #155: KMP_AFFINITY: Initial OS proc set respected: 18
OMP: Info #216: KMP_AFFINITY: decoding x2APIC ids.
OMP: Info #157: KMP_AFFINITY: 1 available OS procs
OMP: Info #158: KMP_AFFINITY: Uniform topology
OMP: Info #287: KMP_AFFINITY: topology layer "LL cache" is equivalent to "socket".
OMP: Info #287: KMP_AFFINITY: topology layer "L3 cache" is equivalent to "socket".
OMP: Info #287: KMP_AFFINITY: topology layer "L2 cache" is equivalent to "core".
OMP: Info #287: KMP_AFFINITY: topology layer "L1 cache" is equivalent to "core".
OMP: Info #192: KMP_AFFINITY: 1 socket x 1 core/socket x 1 thread/core (1 total cores)
OMP: Info #218: KMP_AFFINITY: OS proc to physical thread map:
OMP: Info #172: KMP_AFFINITY: OS proc 18 maps to socket 1 core 0 thread 0 
OMP: Info #254: KMP_AFFINITY: pid 34641 tid 34641 thread 0 bound to OS proc set 18
OMP: Info #155: KMP_AFFINITY: Initial OS proc set respected: 18
OMP: Info #216: KMP_AFFINITY: decoding x2APIC ids.
OMP: Info #157: KMP_AFFINITY: 1 available OS procs
OMP: Info #158: KMP_AFFINITY: Uniform topology
OMP: Info #287: KMP_AFFINITY: topology layer "LL cache" is equivalent to "socket".
OMP: Info #287: KMP_AFFINITY: topology layer "L3 cache" is equivalent to "socket".
OMP: Info #287: KMP_AFFINITY: topology layer "L2 cache" is equivalent to "core".
OMP: Info #287: KMP_AFFINITY: topology layer "L1 cache" is equivalent to "core".
OMP: Info #192: KMP_AFFINITY: 1 socket x 1 core/socket x 1 thread/core (1 total cores)
OMP: Info #218: KMP_AFFINITY: OS proc to physical thread map:
OMP: Info #172: KMP_AFFINITY: OS proc 18 maps to socket 1 core 0 thread 0 
OMP: Info #254: KMP_AFFINITY: pid 35531 tid 35531 thread 0 bound to OS proc set 18
OMP: Info #155: KMP_AFFINITY: Initial OS proc set respected: 18
OMP: Info #216: KMP_AFFINITY: decoding x2APIC ids.
OMP: Info #157: KMP_AFFINITY: 1 available OS procs
OMP: Info #158: KMP_AFFINITY: Uniform topology
OMP: Info #287: KMP_AFFINITY: topology layer "LL cache" is equivalent to "socket".
OMP: Info #287: KMP_AFFINITY: topology layer "L3 cache" is equivalent to "socket".
OMP: Info #287: KMP_AFFINITY: topology layer "L2 cache" is equivalent to "core".
OMP: Info #287: KMP_AFFINITY: topology layer "L1 cache" is equivalent to "core".
OMP: Info #192: KMP_AFFINITY: 1 socket x 1 core/socket x 1 thread/core (1 total cores)
OMP: Info #218: KMP_AFFINITY: OS proc to physical thread map:
OMP: Info #172: KMP_AFFINITY: OS proc 18 maps to socket 1 core 0 thread 0 
OMP: Info #254: KMP_AFFINITY: pid 35626 tid 35626 thread 0 bound to OS proc set 18
OMP: Info #155: KMP_AFFINITY: Initial OS proc set respected: 18
OMP: Info #216: KMP_AFFINITY: decoding x2APIC ids.
OMP: Info #157: KMP_AFFINITY: 1 available OS procs
OMP: Info #158: KMP_AFFINITY: Uniform topology
OMP: Info #287: KMP_AFFINITY: topology layer "LL cache" is equivalent to "socket".
OMP: Info #287: KMP_AFFINITY: topology layer "L3 cache" is equivalent to "socket".
OMP: Info #287: KMP_AFFINITY: topology layer "L2 cache" is equivalent to "core".
OMP: Info #287: KMP_AFFINITY: topology layer "L1 cache" is equivalent to "core".
OMP: Info #192: KMP_AFFINITY: 1 socket x 1 core/socket x 1 thread/core (1 total cores)
OMP: Info #218: KMP_AFFINITY: OS proc to physical thread map:
OMP: Info #172: KMP_AFFINITY: OS proc 18 maps to socket 1 core 0 thread 0 
OMP: Info #254: KMP_AFFINITY: pid 36032 tid 36032 thread 0 bound to OS proc set 18
OMP: Info #155: KMP_AFFINITY: Initial OS proc set respected: 18
OMP: Info #216: KMP_AFFINITY: decoding x2APIC ids.
OMP: Info #157: KMP_AFFINITY: 1 available OS procs
OMP: Info #158: KMP_AFFINITY: Uniform topology
OMP: Info #287: KMP_AFFINITY: topology layer "LL cache" is equivalent to "socket".
OMP: Info #287: KMP_AFFINITY: topology layer "L3 cache" is equivalent to "socket".
OMP: Info #287: KMP_AFFINITY: topology layer "L2 cache" is equivalent to "core".
OMP: Info #287: KMP_AFFINITY: topology layer "L1 cache" is equivalent to "core".
OMP: Info #192: KMP_AFFINITY: 1 socket x 1 core/socket x 1 thread/core (1 total cores)
OMP: Info #218: KMP_AFFINITY: OS proc to physical thread map:
OMP: Info #172: KMP_AFFINITY: OS proc 18 maps to socket 1 core 0 thread 0 
OMP: Info #254: KMP_AFFINITY: pid 36132 tid 36132 thread 0 bound to OS proc set 18
OMP: Info #155: KMP_AFFINITY: Initial OS proc set respected: 18
OMP: Info #216: KMP_AFFINITY: decoding x2APIC ids.
OMP: Info #157: KMP_AFFINITY: 1 available OS procs
OMP: Info #158: KMP_AFFINITY: Uniform topology
OMP: Info #287: KMP_AFFINITY: topology layer "LL cache" is equivalent to "socket".
OMP: Info #287: KMP_AFFINITY: topology layer "L3 cache" is equivalent to "socket".
OMP: Info #287: KMP_AFFINITY: topology layer "L2 cache" is equivalent to "core".
OMP: Info #287: KMP_AFFINITY: topology layer "L1 cache" is equivalent to "core".
OMP: Info #192: KMP_AFFINITY: 1 socket x 1 core/socket x 1 thread/core (1 total cores)
OMP: Info #218: KMP_AFFINITY: OS proc to physical thread map:
OMP: Info #172: KMP_AFFINITY: OS proc 18 maps to socket 1 core 0 thread 0 
OMP: Info #254: KMP_AFFINITY: pid 36525 tid 36525 thread 0 bound to OS proc set 18
OMP: Info #155: KMP_AFFINITY: Initial OS proc set respected: 18
OMP: Info #216: KMP_AFFINITY: decoding x2APIC ids.
OMP: Info #157: KMP_AFFINITY: 1 available OS procs
OMP: Info #158: KMP_AFFINITY: Uniform topology
OMP: Info #287: KMP_AFFINITY: topology layer "LL cache" is equivalent to "socket".
OMP: Info #287: KMP_AFFINITY: topology layer "L3 cache" is equivalent to "socket".
OMP: Info #287: KMP_AFFINITY: topology layer "L2 cache" is equivalent to "core".
OMP: Info #287: KMP_AFFINITY: topology layer "L1 cache" is equivalent to "core".
OMP: Info #192: KMP_AFFINITY: 1 socket x 1 core/socket x 1 thread/core (1 total cores)
OMP: Info #218: KMP_AFFINITY: OS proc to physical thread map:
OMP: Info #172: KMP_AFFINITY: OS proc 18 maps to socket 1 core 0 thread 0 
OMP: Info #254: KMP_AFFINITY: pid 36658 tid 36658 thread 0 bound to OS proc set 18
OMP: Info #155: KMP_AFFINITY: Initial OS proc set respected: 18
OMP: Info #216: KMP_AFFINITY: decoding x2APIC ids.
OMP: Info #157: KMP_AFFINITY: 1 available OS procs
OMP: Info #158: KMP_AFFINITY: Uniform topology
OMP: Info #287: KMP_AFFINITY: topology layer "LL cache" is equivalent to "socket".
OMP: Info #287: KMP_AFFINITY: topology layer "L3 cache" is equivalent to "socket".
OMP: Info #287: KMP_AFFINITY: topology layer "L2 cache" is equivalent to "core".
OMP: Info #287: KMP_AFFINITY: topology layer "L1 cache" is equivalent to "core".
OMP: Info #192: KMP_AFFINITY: 1 socket x 1 core/socket x 1 thread/core (1 total cores)
OMP: Info #218: KMP_AFFINITY: OS proc to physical thread map:
OMP: Info #172: KMP_AFFINITY: OS proc 18 maps to socket 1 core 0 thread 0 
OMP: Info #254: KMP_AFFINITY: pid 500 tid 500 thread 0 bound to OS proc set 18
OMP: Info #155: KMP_AFFINITY: Initial OS proc set respected: 18
OMP: Info #216: KMP_AFFINITY: decoding x2APIC ids.
OMP: Info #157: KMP_AFFINITY: 1 available OS procs
OMP: Info #158: KMP_AFFINITY: Uniform topology
OMP: Info #287: KMP_AFFINITY: topology layer "LL cache" is equivalent to "socket".
OMP: Info #287: KMP_AFFINITY: topology layer "L3 cache" is equivalent to "socket".
OMP: Info #287: KMP_AFFINITY: topology layer "L2 cache" is equivalent to "core".
OMP: Info #287: KMP_AFFINITY: topology layer "L1 cache" is equivalent to "core".
OMP: Info #192: KMP_AFFINITY: 1 socket x 1 core/socket x 1 thread/core (1 total cores)
OMP: Info #218: KMP_AFFINITY: OS proc to physical thread map:
OMP: Info #172: KMP_AFFINITY: OS proc 18 maps to socket 1 core 0 thread 0 
OMP: Info #254: KMP_AFFINITY: pid 620 tid 620 thread 0 bound to OS proc set 18
OMP: Info #155: KMP_AFFINITY: Initial OS proc set respected: 18
OMP: Info #216: KMP_AFFINITY: decoding x2APIC ids.
OMP: Info #157: KMP_AFFINITY: 1 available OS procs
OMP: Info #158: KMP_AFFINITY: Uniform topology
OMP: Info #287: KMP_AFFINITY: topology layer "LL cache" is equivalent to "socket".
OMP: Info #287: KMP_AFFINITY: topology layer "L3 cache" is equivalent to "socket".
OMP: Info #287: KMP_AFFINITY: topology layer "L2 cache" is equivalent to "core".
OMP: Info #287: KMP_AFFINITY: topology layer "L1 cache" is equivalent to "core".
OMP: Info #192: KMP_AFFINITY: 1 socket x 1 core/socket x 1 thread/core (1 total cores)
OMP: Info #218: KMP_AFFINITY: OS proc to physical thread map:
OMP: Info #172: KMP_AFFINITY: OS proc 18 maps to socket 1 core 0 thread 0 
OMP: Info #254: KMP_AFFINITY: pid 1085 tid 1085 thread 0 bound to OS proc set 18
OMP: Info #155: KMP_AFFINITY: Initial OS proc set respected: 18
OMP: Info #216: KMP_AFFINITY: decoding x2APIC ids.
OMP: Info #157: KMP_AFFINITY: 1 available OS procs
OMP: Info #158: KMP_AFFINITY: Uniform topology
OMP: Info #287: KMP_AFFINITY: topology layer "LL cache" is equivalent to "socket".
OMP: Info #287: KMP_AFFINITY: topology layer "L3 cache" is equivalent to "socket".
OMP: Info #287: KMP_AFFINITY: topology layer "L2 cache" is equivalent to "core".
OMP: Info #287: KMP_AFFINITY: topology layer "L1 cache" is equivalent to "core".
OMP: Info #192: KMP_AFFINITY: 1 socket x 1 core/socket x 1 thread/core (1 total cores)
OMP: Info #218: KMP_AFFINITY: OS proc to physical thread map:
OMP: Info #172: KMP_AFFINITY: OS proc 18 maps to socket 1 core 0 thread 0 
OMP: Info #254: KMP_AFFINITY: pid 1226 tid 1226 thread 0 bound to OS proc set 18
OMP: Info #155: KMP_AFFINITY: Initial OS proc set respected: 18
OMP: Info #216: KMP_AFFINITY: decoding x2APIC ids.
OMP: Info #157: KMP_AFFINITY: 1 available OS procs
OMP: Info #158: KMP_AFFINITY: Uniform topology
OMP: Info #287: KMP_AFFINITY: topology layer "LL cache" is equivalent to "socket".
OMP: Info #287: KMP_AFFINITY: topology layer "L3 cache" is equivalent to "socket".
OMP: Info #287: KMP_AFFINITY: topology layer "L2 cache" is equivalent to "core".
OMP: Info #287: KMP_AFFINITY: topology layer "L1 cache" is equivalent to "core".
OMP: Info #192: KMP_AFFINITY: 1 socket x 1 core/socket x 1 thread/core (1 total cores)
OMP: Info #218: KMP_AFFINITY: OS proc to physical thread map:
OMP: Info #172: KMP_AFFINITY: OS proc 18 maps to socket 1 core 0 thread 0 
OMP: Info #254: KMP_AFFINITY: pid 1705 tid 1705 thread 0 bound to OS proc set 18
OMP: Info #155: KMP_AFFINITY: Initial OS proc set respected: 18
OMP: Info #216: KMP_AFFINITY: decoding x2APIC ids.
OMP: Info #157: KMP_AFFINITY: 1 available OS procs
OMP: Info #158: KMP_AFFINITY: Uniform topology
OMP: Info #287: KMP_AFFINITY: topology layer "LL cache" is equivalent to "socket".
OMP: Info #287: KMP_AFFINITY: topology layer "L3 cache" is equivalent to "socket".
OMP: Info #287: KMP_AFFINITY: topology layer "L2 cache" is equivalent to "core".
OMP: Info #287: KMP_AFFINITY: topology layer "L1 cache" is equivalent to "core".
OMP: Info #192: KMP_AFFINITY: 1 socket x 1 core/socket x 1 thread/core (1 total cores)
OMP: Info #218: KMP_AFFINITY: OS proc to physical thread map:
OMP: Info #172: KMP_AFFINITY: OS proc 18 maps to socket 1 core 0 thread 0 
OMP: Info #254: KMP_AFFINITY: pid 1824 tid 1824 thread 0 bound to OS proc set 18
OMP: Info #155: KMP_AFFINITY: Initial OS proc set respected: 18
OMP: Info #216: KMP_AFFINITY: decoding x2APIC ids.
OMP: Info #157: KMP_AFFINITY: 1 available OS procs
OMP: Info #158: KMP_AFFINITY: Uniform topology
OMP: Info #287: KMP_AFFINITY: topology layer "LL cache" is equivalent to "socket".
OMP: Info #287: KMP_AFFINITY: topology layer "L3 cache" is equivalent to "socket".
OMP: Info #287: KMP_AFFINITY: topology layer "L2 cache" is equivalent to "core".
OMP: Info #287: KMP_AFFINITY: topology layer "L1 cache" is equivalent to "core".
OMP: Info #192: KMP_AFFINITY: 1 socket x 1 core/socket x 1 thread/core (1 total cores)
OMP: Info #218: KMP_AFFINITY: OS proc to physical thread map:
OMP: Info #172: KMP_AFFINITY: OS proc 18 maps to socket 1 core 0 thread 0 
OMP: Info #254: KMP_AFFINITY: pid 2198 tid 2198 thread 0 bound to OS proc set 18
OMP: Info #155: KMP_AFFINITY: Initial OS proc set respected: 18
OMP: Info #216: KMP_AFFINITY: decoding x2APIC ids.
OMP: Info #157: KMP_AFFINITY: 1 available OS procs
OMP: Info #158: KMP_AFFINITY: Uniform topology
OMP: Info #287: KMP_AFFINITY: topology layer "LL cache" is equivalent to "socket".
OMP: Info #287: KMP_AFFINITY: topology layer "L3 cache" is equivalent to "socket".
OMP: Info #287: KMP_AFFINITY: topology layer "L2 cache" is equivalent to "core".
OMP: Info #287: KMP_AFFINITY: topology layer "L1 cache" is equivalent to "core".
OMP: Info #192: KMP_AFFINITY: 1 socket x 1 core/socket x 1 thread/core (1 total cores)
OMP: Info #218: KMP_AFFINITY: OS proc to physical thread map:
OMP: Info #172: KMP_AFFINITY: OS proc 18 maps to socket 1 core 0 thread 0 
OMP: Info #254: KMP_AFFINITY: pid 2332 tid 2332 thread 0 bound to OS proc set 18
OMP: Info #155: KMP_AFFINITY: Initial OS proc set respected: 18
OMP: Info #216: KMP_AFFINITY: decoding x2APIC ids.
OMP: Info #157: KMP_AFFINITY: 1 available OS procs
OMP: Info #158: KMP_AFFINITY: Uniform topology
OMP: Info #287: KMP_AFFINITY: topology layer "LL cache" is equivalent to "socket".
OMP: Info #287: KMP_AFFINITY: topology layer "L3 cache" is equivalent to "socket".
OMP: Info #287: KMP_AFFINITY: topology layer "L2 cache" is equivalent to "core".
OMP: Info #287: KMP_AFFINITY: topology layer "L1 cache" is equivalent to "core".
OMP: Info #192: KMP_AFFINITY: 1 socket x 1 core/socket x 1 thread/core (1 total cores)
OMP: Info #218: KMP_AFFINITY: OS proc to physical thread map:
OMP: Info #172: KMP_AFFINITY: OS proc 18 maps to socket 1 core 0 thread 0 
OMP: Info #254: KMP_AFFINITY: pid 2717 tid 2717 thread 0 bound to OS proc set 18
OMP: Info #155: KMP_AFFINITY: Initial OS proc set respected: 18
OMP: Info #216: KMP_AFFINITY: decoding x2APIC ids.
OMP: Info #157: KMP_AFFINITY: 1 available OS procs
OMP: Info #158: KMP_AFFINITY: Uniform topology
OMP: Info #287: KMP_AFFINITY: topology layer "LL cache" is equivalent to "socket".
OMP: Info #287: KMP_AFFINITY: topology layer "L3 cache" is equivalent to "socket".
OMP: Info #287: KMP_AFFINITY: topology layer "L2 cache" is equivalent to "core".
OMP: Info #287: KMP_AFFINITY: topology layer "L1 cache" is equivalent to "core".
OMP: Info #192: KMP_AFFINITY: 1 socket x 1 core/socket x 1 thread/core (1 total cores)
OMP: Info #218: KMP_AFFINITY: OS proc to physical thread map:
OMP: Info #172: KMP_AFFINITY: OS proc 18 maps to socket 1 core 0 thread 0 
OMP: Info #254: KMP_AFFINITY: pid 2834 tid 2834 thread 0 bound to OS proc set 18
OMP: Info #155: KMP_AFFINITY: Initial OS proc set respected: 18
OMP: Info #216: KMP_AFFINITY: decoding x2APIC ids.
OMP: Info #157: KMP_AFFINITY: 1 available OS procs
OMP: Info #158: KMP_AFFINITY: Uniform topology
OMP: Info #287: KMP_AFFINITY: topology layer "LL cache" is equivalent to "socket".
OMP: Info #287: KMP_AFFINITY: topology layer "L3 cache" is equivalent to "socket".
OMP: Info #287: KMP_AFFINITY: topology layer "L2 cache" is equivalent to "core".
OMP: Info #287: KMP_AFFINITY: topology layer "L1 cache" is equivalent to "core".
OMP: Info #192: KMP_AFFINITY: 1 socket x 1 core/socket x 1 thread/core (1 total cores)
OMP: Info #218: KMP_AFFINITY: OS proc to physical thread map:
OMP: Info #172: KMP_AFFINITY: OS proc 18 maps to socket 1 core 0 thread 0 
OMP: Info #254: KMP_AFFINITY: pid 3257 tid 3257 thread 0 bound to OS proc set 18
OMP: Info #155: KMP_AFFINITY: Initial OS proc set respected: 18
OMP: Info #216: KMP_AFFINITY: decoding x2APIC ids.
OMP: Info #157: KMP_AFFINITY: 1 available OS procs
OMP: Info #158: KMP_AFFINITY: Uniform topology
OMP: Info #287: KMP_AFFINITY: topology layer "LL cache" is equivalent to "socket".
OMP: Info #287: KMP_AFFINITY: topology layer "L3 cache" is equivalent to "socket".
OMP: Info #287: KMP_AFFINITY: topology layer "L2 cache" is equivalent to "core".
OMP: Info #287: KMP_AFFINITY: topology layer "L1 cache" is equivalent to "core".
OMP: Info #192: KMP_AFFINITY: 1 socket x 1 core/socket x 1 thread/core (1 total cores)
OMP: Info #218: KMP_AFFINITY: OS proc to physical thread map:
OMP: Info #172: KMP_AFFINITY: OS proc 18 maps to socket 1 core 0 thread 0 
OMP: Info #254: KMP_AFFINITY: pid 3392 tid 3392 thread 0 bound to OS proc set 18
OMP: Info #155: KMP_AFFINITY: Initial OS proc set respected: 18
OMP: Info #216: KMP_AFFINITY: decoding x2APIC ids.
OMP: Info #157: KMP_AFFINITY: 1 available OS procs
OMP: Info #158: KMP_AFFINITY: Uniform topology
OMP: Info #287: KMP_AFFINITY: topology layer "LL cache" is equivalent to "socket".
OMP: Info #287: KMP_AFFINITY: topology layer "L3 cache" is equivalent to "socket".
OMP: Info #287: KMP_AFFINITY: topology layer "L2 cache" is equivalent to "core".
OMP: Info #287: KMP_AFFINITY: topology layer "L1 cache" is equivalent to "core".
OMP: Info #192: KMP_AFFINITY: 1 socket x 1 core/socket x 1 thread/core (1 total cores)
OMP: Info #218: KMP_AFFINITY: OS proc to physical thread map:
OMP: Info #172: KMP_AFFINITY: OS proc 18 maps to socket 1 core 0 thread 0 
OMP: Info #254: KMP_AFFINITY: pid 3767 tid 3767 thread 0 bound to OS proc set 18
OMP: Info #155: KMP_AFFINITY: Initial OS proc set respected: 18
OMP: Info #216: KMP_AFFINITY: decoding x2APIC ids.
OMP: Info #157: KMP_AFFINITY: 1 available OS procs
OMP: Info #158: KMP_AFFINITY: Uniform topology
OMP: Info #287: KMP_AFFINITY: topology layer "LL cache" is equivalent to "socket".
OMP: Info #287: KMP_AFFINITY: topology layer "L3 cache" is equivalent to "socket".
OMP: Info #287: KMP_AFFINITY: topology layer "L2 cache" is equivalent to "core".
OMP: Info #287: KMP_AFFINITY: topology layer "L1 cache" is equivalent to "core".
OMP: Info #192: KMP_AFFINITY: 1 socket x 1 core/socket x 1 thread/core (1 total cores)
OMP: Info #218: KMP_AFFINITY: OS proc to physical thread map:
OMP: Info #172: KMP_AFFINITY: OS proc 18 maps to socket 1 core 0 thread 0 
OMP: Info #254: KMP_AFFINITY: pid 3890 tid 3890 thread 0 bound to OS proc set 18
OMP: Info #155: KMP_AFFINITY: Initial OS proc set respected: 18
OMP: Info #216: KMP_AFFINITY: decoding x2APIC ids.
OMP: Info #157: KMP_AFFINITY: 1 available OS procs
OMP: Info #158: KMP_AFFINITY: Uniform topology
OMP: Info #287: KMP_AFFINITY: topology layer "LL cache" is equivalent to "socket".
OMP: Info #287: KMP_AFFINITY: topology layer "L3 cache" is equivalent to "socket".
OMP: Info #287: KMP_AFFINITY: topology layer "L2 cache" is equivalent to "core".
OMP: Info #287: KMP_AFFINITY: topology layer "L1 cache" is equivalent to "core".
OMP: Info #192: KMP_AFFINITY: 1 socket x 1 core/socket x 1 thread/core (1 total cores)
OMP: Info #218: KMP_AFFINITY: OS proc to physical thread map:
OMP: Info #172: KMP_AFFINITY: OS proc 18 maps to socket 1 core 0 thread 0 
OMP: Info #254: KMP_AFFINITY: pid 4276 tid 4276 thread 0 bound to OS proc set 18
OMP: Info #155: KMP_AFFINITY: Initial OS proc set respected: 18
OMP: Info #216: KMP_AFFINITY: decoding x2APIC ids.
OMP: Info #157: KMP_AFFINITY: 1 available OS procs
OMP: Info #158: KMP_AFFINITY: Uniform topology
OMP: Info #287: KMP_AFFINITY: topology layer "LL cache" is equivalent to "socket".
OMP: Info #287: KMP_AFFINITY: topology layer "L3 cache" is equivalent to "socket".
OMP: Info #287: KMP_AFFINITY: topology layer "L2 cache" is equivalent to "core".
OMP: Info #287: KMP_AFFINITY: topology layer "L1 cache" is equivalent to "core".
OMP: Info #192: KMP_AFFINITY: 1 socket x 1 core/socket x 1 thread/core (1 total cores)
OMP: Info #218: KMP_AFFINITY: OS proc to physical thread map:
OMP: Info #172: KMP_AFFINITY: OS proc 18 maps to socket 1 core 0 thread 0 
OMP: Info #254: KMP_AFFINITY: pid 4395 tid 4395 thread 0 bound to OS proc set 18
OMP: Info #155: KMP_AFFINITY: Initial OS proc set respected: 18
OMP: Info #216: KMP_AFFINITY: decoding x2APIC ids.
OMP: Info #157: KMP_AFFINITY: 1 available OS procs
OMP: Info #158: KMP_AFFINITY: Uniform topology
OMP: Info #287: KMP_AFFINITY: topology layer "LL cache" is equivalent to "socket".
OMP: Info #287: KMP_AFFINITY: topology layer "L3 cache" is equivalent to "socket".
OMP: Info #287: KMP_AFFINITY: topology layer "L2 cache" is equivalent to "core".
OMP: Info #287: KMP_AFFINITY: topology layer "L1 cache" is equivalent to "core".
OMP: Info #192: KMP_AFFINITY: 1 socket x 1 core/socket x 1 thread/core (1 total cores)
OMP: Info #218: KMP_AFFINITY: OS proc to physical thread map:
OMP: Info #172: KMP_AFFINITY: OS proc 18 maps to socket 1 core 0 thread 0 
OMP: Info #254: KMP_AFFINITY: pid 4791 tid 4791 thread 0 bound to OS proc set 18
OMP: Info #155: KMP_AFFINITY: Initial OS proc set respected: 18
OMP: Info #216: KMP_AFFINITY: decoding x2APIC ids.
OMP: Info #157: KMP_AFFINITY: 1 available OS procs
OMP: Info #158: KMP_AFFINITY: Uniform topology
OMP: Info #287: KMP_AFFINITY: topology layer "LL cache" is equivalent to "socket".
OMP: Info #287: KMP_AFFINITY: topology layer "L3 cache" is equivalent to "socket".
OMP: Info #287: KMP_AFFINITY: topology layer "L2 cache" is equivalent to "core".
OMP: Info #287: KMP_AFFINITY: topology layer "L1 cache" is equivalent to "core".
OMP: Info #192: KMP_AFFINITY: 1 socket x 1 core/socket x 1 thread/core (1 total cores)
OMP: Info #218: KMP_AFFINITY: OS proc to physical thread map:
OMP: Info #172: KMP_AFFINITY: OS proc 18 maps to socket 1 core 0 thread 0 
OMP: Info #254: KMP_AFFINITY: pid 4888 tid 4888 thread 0 bound to OS proc set 18
OMP: Info #155: KMP_AFFINITY: Initial OS proc set respected: 18
OMP: Info #216: KMP_AFFINITY: decoding x2APIC ids.
OMP: Info #157: KMP_AFFINITY: 1 available OS procs
OMP: Info #158: KMP_AFFINITY: Uniform topology
OMP: Info #287: KMP_AFFINITY: topology layer "LL cache" is equivalent to "socket".
OMP: Info #287: KMP_AFFINITY: topology layer "L3 cache" is equivalent to "socket".
OMP: Info #287: KMP_AFFINITY: topology layer "L2 cache" is equivalent to "core".
OMP: Info #287: KMP_AFFINITY: topology layer "L1 cache" is equivalent to "core".
OMP: Info #192: KMP_AFFINITY: 1 socket x 1 core/socket x 1 thread/core (1 total cores)
OMP: Info #218: KMP_AFFINITY: OS proc to physical thread map:
OMP: Info #172: KMP_AFFINITY: OS proc 18 maps to socket 1 core 0 thread 0 
OMP: Info #254: KMP_AFFINITY: pid 5307 tid 5307 thread 0 bound to OS proc set 18
OMP: Info #155: KMP_AFFINITY: Initial OS proc set respected: 18
OMP: Info #216: KMP_AFFINITY: decoding x2APIC ids.
OMP: Info #157: KMP_AFFINITY: 1 available OS procs
OMP: Info #158: KMP_AFFINITY: Uniform topology
OMP: Info #287: KMP_AFFINITY: topology layer "LL cache" is equivalent to "socket".
OMP: Info #287: KMP_AFFINITY: topology layer "L3 cache" is equivalent to "socket".
OMP: Info #287: KMP_AFFINITY: topology layer "L2 cache" is equivalent to "core".
OMP: Info #287: KMP_AFFINITY: topology layer "L1 cache" is equivalent to "core".
OMP: Info #192: KMP_AFFINITY: 1 socket x 1 core/socket x 1 thread/core (1 total cores)
OMP: Info #218: KMP_AFFINITY: OS proc to physical thread map:
OMP: Info #172: KMP_AFFINITY: OS proc 18 maps to socket 1 core 0 thread 0 
OMP: Info #254: KMP_AFFINITY: pid 5406 tid 5406 thread 0 bound to OS proc set 18
OMP: Info #155: KMP_AFFINITY: Initial OS proc set respected: 18
OMP: Info #216: KMP_AFFINITY: decoding x2APIC ids.
OMP: Info #157: KMP_AFFINITY: 1 available OS procs
OMP: Info #158: KMP_AFFINITY: Uniform topology
OMP: Info #287: KMP_AFFINITY: topology layer "LL cache" is equivalent to "socket".
OMP: Info #287: KMP_AFFINITY: topology layer "L3 cache" is equivalent to "socket".
OMP: Info #287: KMP_AFFINITY: topology layer "L2 cache" is equivalent to "core".
OMP: Info #287: KMP_AFFINITY: topology layer "L1 cache" is equivalent to "core".
OMP: Info #192: KMP_AFFINITY: 1 socket x 1 core/socket x 1 thread/core (1 total cores)
OMP: Info #218: KMP_AFFINITY: OS proc to physical thread map:
OMP: Info #172: KMP_AFFINITY: OS proc 18 maps to socket 1 core 0 thread 0 
OMP: Info #254: KMP_AFFINITY: pid 5812 tid 5812 thread 0 bound to OS proc set 18
OMP: Info #155: KMP_AFFINITY: Initial OS proc set respected: 18
OMP: Info #216: KMP_AFFINITY: decoding x2APIC ids.
OMP: Info #157: KMP_AFFINITY: 1 available OS procs
OMP: Info #158: KMP_AFFINITY: Uniform topology
OMP: Info #287: KMP_AFFINITY: topology layer "LL cache" is equivalent to "socket".
OMP: Info #287: KMP_AFFINITY: topology layer "L3 cache" is equivalent to "socket".
OMP: Info #287: KMP_AFFINITY: topology layer "L2 cache" is equivalent to "core".
OMP: Info #287: KMP_AFFINITY: topology layer "L1 cache" is equivalent to "core".
OMP: Info #192: KMP_AFFINITY: 1 socket x 1 core/socket x 1 thread/core (1 total cores)
OMP: Info #218: KMP_AFFINITY: OS proc to physical thread map:
OMP: Info #172: KMP_AFFINITY: OS proc 18 maps to socket 1 core 0 thread 0 
OMP: Info #254: KMP_AFFINITY: pid 5922 tid 5922 thread 0 bound to OS proc set 18
OMP: Info #155: KMP_AFFINITY: Initial OS proc set respected: 18
OMP: Info #216: KMP_AFFINITY: decoding x2APIC ids.
OMP: Info #157: KMP_AFFINITY: 1 available OS procs
OMP: Info #158: KMP_AFFINITY: Uniform topology
OMP: Info #287: KMP_AFFINITY: topology layer "LL cache" is equivalent to "socket".
OMP: Info #287: KMP_AFFINITY: topology layer "L3 cache" is equivalent to "socket".
OMP: Info #287: KMP_AFFINITY: topology layer "L2 cache" is equivalent to "core".
OMP: Info #287: KMP_AFFINITY: topology layer "L1 cache" is equivalent to "core".
OMP: Info #192: KMP_AFFINITY: 1 socket x 1 core/socket x 1 thread/core (1 total cores)
OMP: Info #218: KMP_AFFINITY: OS proc to physical thread map:
OMP: Info #172: KMP_AFFINITY: OS proc 18 maps to socket 1 core 0 thread 0 
OMP: Info #254: KMP_AFFINITY: pid 6317 tid 6317 thread 0 bound to OS proc set 18
OMP: Info #155: KMP_AFFINITY: Initial OS proc set respected: 18
OMP: Info #216: KMP_AFFINITY: decoding x2APIC ids.
OMP: Info #157: KMP_AFFINITY: 1 available OS procs
OMP: Info #158: KMP_AFFINITY: Uniform topology
OMP: Info #287: KMP_AFFINITY: topology layer "LL cache" is equivalent to "socket".
OMP: Info #287: KMP_AFFINITY: topology layer "L3 cache" is equivalent to "socket".
OMP: Info #287: KMP_AFFINITY: topology layer "L2 cache" is equivalent to "core".
OMP: Info #287: KMP_AFFINITY: topology layer "L1 cache" is equivalent to "core".
OMP: Info #192: KMP_AFFINITY: 1 socket x 1 core/socket x 1 thread/core (1 total cores)
OMP: Info #218: KMP_AFFINITY: OS proc to physical thread map:
OMP: Info #172: KMP_AFFINITY: OS proc 18 maps to socket 1 core 0 thread 0 
OMP: Info #254: KMP_AFFINITY: pid 6421 tid 6421 thread 0 bound to OS proc set 18
OMP: Info #155: KMP_AFFINITY: Initial OS proc set respected: 18
OMP: Info #216: KMP_AFFINITY: decoding x2APIC ids.
OMP: Info #157: KMP_AFFINITY: 1 available OS procs
OMP: Info #158: KMP_AFFINITY: Uniform topology
OMP: Info #287: KMP_AFFINITY: topology layer "LL cache" is equivalent to "socket".
OMP: Info #287: KMP_AFFINITY: topology layer "L3 cache" is equivalent to "socket".
OMP: Info #287: KMP_AFFINITY: topology layer "L2 cache" is equivalent to "core".
OMP: Info #287: KMP_AFFINITY: topology layer "L1 cache" is equivalent to "core".
OMP: Info #192: KMP_AFFINITY: 1 socket x 1 core/socket x 1 thread/core (1 total cores)
OMP: Info #218: KMP_AFFINITY: OS proc to physical thread map:
OMP: Info #172: KMP_AFFINITY: OS proc 18 maps to socket 1 core 0 thread 0 
OMP: Info #254: KMP_AFFINITY: pid 6817 tid 6817 thread 0 bound to OS proc set 18
OMP: Info #155: KMP_AFFINITY: Initial OS proc set respected: 18
OMP: Info #216: KMP_AFFINITY: decoding x2APIC ids.
OMP: Info #157: KMP_AFFINITY: 1 available OS procs
OMP: Info #158: KMP_AFFINITY: Uniform topology
OMP: Info #287: KMP_AFFINITY: topology layer "LL cache" is equivalent to "socket".
OMP: Info #287: KMP_AFFINITY: topology layer "L3 cache" is equivalent to "socket".
OMP: Info #287: KMP_AFFINITY: topology layer "L2 cache" is equivalent to "core".
OMP: Info #287: KMP_AFFINITY: topology layer "L1 cache" is equivalent to "core".
OMP: Info #192: KMP_AFFINITY: 1 socket x 1 core/socket x 1 thread/core (1 total cores)
OMP: Info #218: KMP_AFFINITY: OS proc to physical thread map:
OMP: Info #172: KMP_AFFINITY: OS proc 18 maps to socket 1 core 0 thread 0 
OMP: Info #254: KMP_AFFINITY: pid 6945 tid 6945 thread 0 bound to OS proc set 18
OMP: Info #155: KMP_AFFINITY: Initial OS proc set respected: 18
OMP: Info #216: KMP_AFFINITY: decoding x2APIC ids.
OMP: Info #157: KMP_AFFINITY: 1 available OS procs
OMP: Info #158: KMP_AFFINITY: Uniform topology
OMP: Info #287: KMP_AFFINITY: topology layer "LL cache" is equivalent to "socket".
OMP: Info #287: KMP_AFFINITY: topology layer "L3 cache" is equivalent to "socket".
OMP: Info #287: KMP_AFFINITY: topology layer "L2 cache" is equivalent to "core".
OMP: Info #287: KMP_AFFINITY: topology layer "L1 cache" is equivalent to "core".
OMP: Info #192: KMP_AFFINITY: 1 socket x 1 core/socket x 1 thread/core (1 total cores)
OMP: Info #218: KMP_AFFINITY: OS proc to physical thread map:
OMP: Info #172: KMP_AFFINITY: OS proc 18 maps to socket 1 core 0 thread 0 
OMP: Info #254: KMP_AFFINITY: pid 7322 tid 7322 thread 0 bound to OS proc set 18
OMP: Info #155: KMP_AFFINITY: Initial OS proc set respected: 18
OMP: Info #216: KMP_AFFINITY: decoding x2APIC ids.
OMP: Info #157: KMP_AFFINITY: 1 available OS procs
OMP: Info #158: KMP_AFFINITY: Uniform topology
OMP: Info #287: KMP_AFFINITY: topology layer "LL cache" is equivalent to "socket".
OMP: Info #287: KMP_AFFINITY: topology layer "L3 cache" is equivalent to "socket".
OMP: Info #287: KMP_AFFINITY: topology layer "L2 cache" is equivalent to "core".
OMP: Info #287: KMP_AFFINITY: topology layer "L1 cache" is equivalent to "core".
OMP: Info #192: KMP_AFFINITY: 1 socket x 1 core/socket x 1 thread/core (1 total cores)
OMP: Info #218: KMP_AFFINITY: OS proc to physical thread map:
OMP: Info #172: KMP_AFFINITY: OS proc 18 maps to socket 1 core 0 thread 0 
OMP: Info #254: KMP_AFFINITY: pid 7439 tid 7439 thread 0 bound to OS proc set 18
OMP: Info #155: KMP_AFFINITY: Initial OS proc set respected: 18
OMP: Info #216: KMP_AFFINITY: decoding x2APIC ids.
OMP: Info #157: KMP_AFFINITY: 1 available OS procs
OMP: Info #158: KMP_AFFINITY: Uniform topology
OMP: Info #287: KMP_AFFINITY: topology layer "LL cache" is equivalent to "socket".
OMP: Info #287: KMP_AFFINITY: topology layer "L3 cache" is equivalent to "socket".
OMP: Info #287: KMP_AFFINITY: topology layer "L2 cache" is equivalent to "core".
OMP: Info #287: KMP_AFFINITY: topology layer "L1 cache" is equivalent to "core".
OMP: Info #192: KMP_AFFINITY: 1 socket x 1 core/socket x 1 thread/core (1 total cores)
OMP: Info #218: KMP_AFFINITY: OS proc to physical thread map:
OMP: Info #172: KMP_AFFINITY: OS proc 18 maps to socket 1 core 0 thread 0 
OMP: Info #254: KMP_AFFINITY: pid 7823 tid 7823 thread 0 bound to OS proc set 18
OMP: Info #155: KMP_AFFINITY: Initial OS proc set respected: 18
OMP: Info #216: KMP_AFFINITY: decoding x2APIC ids.
OMP: Info #157: KMP_AFFINITY: 1 available OS procs
OMP: Info #158: KMP_AFFINITY: Uniform topology
OMP: Info #287: KMP_AFFINITY: topology layer "LL cache" is equivalent to "socket".
OMP: Info #287: KMP_AFFINITY: topology layer "L3 cache" is equivalent to "socket".
OMP: Info #287: KMP_AFFINITY: topology layer "L2 cache" is equivalent to "core".
OMP: Info #287: KMP_AFFINITY: topology layer "L1 cache" is equivalent to "core".
OMP: Info #192: KMP_AFFINITY: 1 socket x 1 core/socket x 1 thread/core (1 total cores)
OMP: Info #218: KMP_AFFINITY: OS proc to physical thread map:
OMP: Info #172: KMP_AFFINITY: OS proc 18 maps to socket 1 core 0 thread 0 
OMP: Info #254: KMP_AFFINITY: pid 7952 tid 7952 thread 0 bound to OS proc set 18
OMP: Info #155: KMP_AFFINITY: Initial OS proc set respected: 18
OMP: Info #216: KMP_AFFINITY: decoding x2APIC ids.
OMP: Info #157: KMP_AFFINITY: 1 available OS procs
OMP: Info #158: KMP_AFFINITY: Uniform topology
OMP: Info #287: KMP_AFFINITY: topology layer "LL cache" is equivalent to "socket".
OMP: Info #287: KMP_AFFINITY: topology layer "L3 cache" is equivalent to "socket".
OMP: Info #287: KMP_AFFINITY: topology layer "L2 cache" is equivalent to "core".
OMP: Info #287: KMP_AFFINITY: topology layer "L1 cache" is equivalent to "core".
OMP: Info #192: KMP_AFFINITY: 1 socket x 1 core/socket x 1 thread/core (1 total cores)
OMP: Info #218: KMP_AFFINITY: OS proc to physical thread map:
OMP: Info #172: KMP_AFFINITY: OS proc 18 maps to socket 1 core 0 thread 0 
OMP: Info #254: KMP_AFFINITY: pid 8336 tid 8336 thread 0 bound to OS proc set 18
OMP: Info #155: KMP_AFFINITY: Initial OS proc set respected: 18
OMP: Info #216: KMP_AFFINITY: decoding x2APIC ids.
OMP: Info #157: KMP_AFFINITY: 1 available OS procs
OMP: Info #158: KMP_AFFINITY: Uniform topology
OMP: Info #287: KMP_AFFINITY: topology layer "LL cache" is equivalent to "socket".
OMP: Info #287: KMP_AFFINITY: topology layer "L3 cache" is equivalent to "socket".
OMP: Info #287: KMP_AFFINITY: topology layer "L2 cache" is equivalent to "core".
OMP: Info #287: KMP_AFFINITY: topology layer "L1 cache" is equivalent to "core".
OMP: Info #192: KMP_AFFINITY: 1 socket x 1 core/socket x 1 thread/core (1 total cores)
OMP: Info #218: KMP_AFFINITY: OS proc to physical thread map:
OMP: Info #172: KMP_AFFINITY: OS proc 18 maps to socket 1 core 0 thread 0 
OMP: Info #254: KMP_AFFINITY: pid 8455 tid 8455 thread 0 bound to OS proc set 18
OMP: Info #155: KMP_AFFINITY: Initial OS proc set respected: 18
OMP: Info #216: KMP_AFFINITY: decoding x2APIC ids.
OMP: Info #157: KMP_AFFINITY: 1 available OS procs
OMP: Info #158: KMP_AFFINITY: Uniform topology
OMP: Info #287: KMP_AFFINITY: topology layer "LL cache" is equivalent to "socket".
OMP: Info #287: KMP_AFFINITY: topology layer "L3 cache" is equivalent to "socket".
OMP: Info #287: KMP_AFFINITY: topology layer "L2 cache" is equivalent to "core".
OMP: Info #287: KMP_AFFINITY: topology layer "L1 cache" is equivalent to "core".
OMP: Info #192: KMP_AFFINITY: 1 socket x 1 core/socket x 1 thread/core (1 total cores)
OMP: Info #218: KMP_AFFINITY: OS proc to physical thread map:
OMP: Info #172: KMP_AFFINITY: OS proc 18 maps to socket 1 core 0 thread 0 
OMP: Info #254: KMP_AFFINITY: pid 8854 tid 8854 thread 0 bound to OS proc set 18
OMP: Info #155: KMP_AFFINITY: Initial OS proc set respected: 18
OMP: Info #216: KMP_AFFINITY: decoding x2APIC ids.
OMP: Info #157: KMP_AFFINITY: 1 available OS procs
OMP: Info #158: KMP_AFFINITY: Uniform topology
OMP: Info #287: KMP_AFFINITY: topology layer "LL cache" is equivalent to "socket".
OMP: Info #287: KMP_AFFINITY: topology layer "L3 cache" is equivalent to "socket".
OMP: Info #287: KMP_AFFINITY: topology layer "L2 cache" is equivalent to "core".
OMP: Info #287: KMP_AFFINITY: topology layer "L1 cache" is equivalent to "core".
OMP: Info #192: KMP_AFFINITY: 1 socket x 1 core/socket x 1 thread/core (1 total cores)
OMP: Info #218: KMP_AFFINITY: OS proc to physical thread map:
OMP: Info #172: KMP_AFFINITY: OS proc 18 maps to socket 1 core 0 thread 0 
OMP: Info #254: KMP_AFFINITY: pid 9454 tid 9454 thread 0 bound to OS proc set 18
OMP: Info #155: KMP_AFFINITY: Initial OS proc set respected: 18
OMP: Info #216: KMP_AFFINITY: decoding x2APIC ids.
OMP: Info #157: KMP_AFFINITY: 1 available OS procs
OMP: Info #158: KMP_AFFINITY: Uniform topology
OMP: Info #287: KMP_AFFINITY: topology layer "LL cache" is equivalent to "socket".
OMP: Info #287: KMP_AFFINITY: topology layer "L3 cache" is equivalent to "socket".
OMP: Info #287: KMP_AFFINITY: topology layer "L2 cache" is equivalent to "core".
OMP: Info #287: KMP_AFFINITY: topology layer "L1 cache" is equivalent to "core".
OMP: Info #192: KMP_AFFINITY: 1 socket x 1 core/socket x 1 thread/core (1 total cores)
OMP: Info #218: KMP_AFFINITY: OS proc to physical thread map:
OMP: Info #172: KMP_AFFINITY: OS proc 18 maps to socket 1 core 0 thread 0 
OMP: Info #254: KMP_AFFINITY: pid 9856 tid 9856 thread 0 bound to OS proc set 18
OMP: Info #155: KMP_AFFINITY: Initial OS proc set respected: 18
OMP: Info #216: KMP_AFFINITY: decoding x2APIC ids.
OMP: Info #157: KMP_AFFINITY: 1 available OS procs
OMP: Info #158: KMP_AFFINITY: Uniform topology
OMP: Info #287: KMP_AFFINITY: topology layer "LL cache" is equivalent to "socket".
OMP: Info #287: KMP_AFFINITY: topology layer "L3 cache" is equivalent to "socket".
OMP: Info #287: KMP_AFFINITY: topology layer "L2 cache" is equivalent to "core".
OMP: Info #287: KMP_AFFINITY: topology layer "L1 cache" is equivalent to "core".
OMP: Info #192: KMP_AFFINITY: 1 socket x 1 core/socket x 1 thread/core (1 total cores)
OMP: Info #218: KMP_AFFINITY: OS proc to physical thread map:
OMP: Info #172: KMP_AFFINITY: OS proc 18 maps to socket 1 core 0 thread 0 
OMP: Info #254: KMP_AFFINITY: pid 9978 tid 9978 thread 0 bound to OS proc set 18
OMP: Info #155: KMP_AFFINITY: Initial OS proc set respected: 18
OMP: Info #216: KMP_AFFINITY: decoding x2APIC ids.
OMP: Info #157: KMP_AFFINITY: 1 available OS procs
OMP: Info #158: KMP_AFFINITY: Uniform topology
OMP: Info #287: KMP_AFFINITY: topology layer "LL cache" is equivalent to "socket".
OMP: Info #287: KMP_AFFINITY: topology layer "L3 cache" is equivalent to "socket".
OMP: Info #287: KMP_AFFINITY: topology layer "L2 cache" is equivalent to "core".
OMP: Info #287: KMP_AFFINITY: topology layer "L1 cache" is equivalent to "core".
OMP: Info #192: KMP_AFFINITY: 1 socket x 1 core/socket x 1 thread/core (1 total cores)
OMP: Info #218: KMP_AFFINITY: OS proc to physical thread map:
OMP: Info #172: KMP_AFFINITY: OS proc 18 maps to socket 1 core 0 thread 0 
OMP: Info #254: KMP_AFFINITY: pid 10353 tid 10353 thread 0 bound to OS proc set 18
OMP: Info #155: KMP_AFFINITY: Initial OS proc set respected: 18
OMP: Info #216: KMP_AFFINITY: decoding x2APIC ids.
OMP: Info #157: KMP_AFFINITY: 1 available OS procs
OMP: Info #158: KMP_AFFINITY: Uniform topology
OMP: Info #287: KMP_AFFINITY: topology layer "LL cache" is equivalent to "socket".
OMP: Info #287: KMP_AFFINITY: topology layer "L3 cache" is equivalent to "socket".
OMP: Info #287: KMP_AFFINITY: topology layer "L2 cache" is equivalent to "core".
OMP: Info #287: KMP_AFFINITY: topology layer "L1 cache" is equivalent to "core".
OMP: Info #192: KMP_AFFINITY: 1 socket x 1 core/socket x 1 thread/core (1 total cores)
OMP: Info #218: KMP_AFFINITY: OS proc to physical thread map:
OMP: Info #172: KMP_AFFINITY: OS proc 18 maps to socket 1 core 0 thread 0 
OMP: Info #254: KMP_AFFINITY: pid 10485 tid 10485 thread 0 bound to OS proc set 18
OMP: Info #155: KMP_AFFINITY: Initial OS proc set respected: 18
OMP: Info #216: KMP_AFFINITY: decoding x2APIC ids.
OMP: Info #157: KMP_AFFINITY: 1 available OS procs
OMP: Info #158: KMP_AFFINITY: Uniform topology
OMP: Info #287: KMP_AFFINITY: topology layer "LL cache" is equivalent to "socket".
OMP: Info #287: KMP_AFFINITY: topology layer "L3 cache" is equivalent to "socket".
OMP: Info #287: KMP_AFFINITY: topology layer "L2 cache" is equivalent to "core".
OMP: Info #287: KMP_AFFINITY: topology layer "L1 cache" is equivalent to "core".
OMP: Info #192: KMP_AFFINITY: 1 socket x 1 core/socket x 1 thread/core (1 total cores)
OMP: Info #218: KMP_AFFINITY: OS proc to physical thread map:
OMP: Info #172: KMP_AFFINITY: OS proc 18 maps to socket 1 core 0 thread 0 
OMP: Info #254: KMP_AFFINITY: pid 10863 tid 10863 thread 0 bound to OS proc set 18
OMP: Info #155: KMP_AFFINITY: Initial OS proc set respected: 18
OMP: Info #216: KMP_AFFINITY: decoding x2APIC ids.
OMP: Info #157: KMP_AFFINITY: 1 available OS procs
OMP: Info #158: KMP_AFFINITY: Uniform topology
OMP: Info #287: KMP_AFFINITY: topology layer "LL cache" is equivalent to "socket".
OMP: Info #287: KMP_AFFINITY: topology layer "L3 cache" is equivalent to "socket".
OMP: Info #287: KMP_AFFINITY: topology layer "L2 cache" is equivalent to "core".
OMP: Info #287: KMP_AFFINITY: topology layer "L1 cache" is equivalent to "core".
OMP: Info #192: KMP_AFFINITY: 1 socket x 1 core/socket x 1 thread/core (1 total cores)
OMP: Info #218: KMP_AFFINITY: OS proc to physical thread map:
OMP: Info #172: KMP_AFFINITY: OS proc 18 maps to socket 1 core 0 thread 0 
OMP: Info #254: KMP_AFFINITY: pid 10987 tid 10987 thread 0 bound to OS proc set 18
OMP: Info #155: KMP_AFFINITY: Initial OS proc set respected: 18
OMP: Info #216: KMP_AFFINITY: decoding x2APIC ids.
OMP: Info #157: KMP_AFFINITY: 1 available OS procs
OMP: Info #158: KMP_AFFINITY: Uniform topology
OMP: Info #287: KMP_AFFINITY: topology layer "LL cache" is equivalent to "socket".
OMP: Info #287: KMP_AFFINITY: topology layer "L3 cache" is equivalent to "socket".
OMP: Info #287: KMP_AFFINITY: topology layer "L2 cache" is equivalent to "core".
OMP: Info #287: KMP_AFFINITY: topology layer "L1 cache" is equivalent to "core".
OMP: Info #192: KMP_AFFINITY: 1 socket x 1 core/socket x 1 thread/core (1 total cores)
OMP: Info #218: KMP_AFFINITY: OS proc to physical thread map:
OMP: Info #172: KMP_AFFINITY: OS proc 18 maps to socket 1 core 0 thread 0 
OMP: Info #254: KMP_AFFINITY: pid 11370 tid 11370 thread 0 bound to OS proc set 18
OMP: Info #155: KMP_AFFINITY: Initial OS proc set respected: 18
OMP: Info #216: KMP_AFFINITY: decoding x2APIC ids.
OMP: Info #157: KMP_AFFINITY: 1 available OS procs
OMP: Info #158: KMP_AFFINITY: Uniform topology
OMP: Info #287: KMP_AFFINITY: topology layer "LL cache" is equivalent to "socket".
OMP: Info #287: KMP_AFFINITY: topology layer "L3 cache" is equivalent to "socket".
OMP: Info #287: KMP_AFFINITY: topology layer "L2 cache" is equivalent to "core".
OMP: Info #287: KMP_AFFINITY: topology layer "L1 cache" is equivalent to "core".
OMP: Info #192: KMP_AFFINITY: 1 socket x 1 core/socket x 1 thread/core (1 total cores)
OMP: Info #218: KMP_AFFINITY: OS proc to physical thread map:
OMP: Info #172: KMP_AFFINITY: OS proc 18 maps to socket 1 core 0 thread 0 
OMP: Info #254: KMP_AFFINITY: pid 11498 tid 11498 thread 0 bound to OS proc set 18
OMP: Info #155: KMP_AFFINITY: Initial OS proc set respected: 18
OMP: Info #216: KMP_AFFINITY: decoding x2APIC ids.
OMP: Info #157: KMP_AFFINITY: 1 available OS procs
OMP: Info #158: KMP_AFFINITY: Uniform topology
OMP: Info #287: KMP_AFFINITY: topology layer "LL cache" is equivalent to "socket".
OMP: Info #287: KMP_AFFINITY: topology layer "L3 cache" is equivalent to "socket".
OMP: Info #287: KMP_AFFINITY: topology layer "L2 cache" is equivalent to "core".
OMP: Info #287: KMP_AFFINITY: topology layer "L1 cache" is equivalent to "core".
OMP: Info #192: KMP_AFFINITY: 1 socket x 1 core/socket x 1 thread/core (1 total cores)
OMP: Info #218: KMP_AFFINITY: OS proc to physical thread map:
OMP: Info #172: KMP_AFFINITY: OS proc 18 maps to socket 1 core 0 thread 0 
OMP: Info #254: KMP_AFFINITY: pid 11897 tid 11897 thread 0 bound to OS proc set 18
OMP: Info #155: KMP_AFFINITY: Initial OS proc set respected: 18
OMP: Info #216: KMP_AFFINITY: decoding x2APIC ids.
OMP: Info #157: KMP_AFFINITY: 1 available OS procs
OMP: Info #158: KMP_AFFINITY: Uniform topology
OMP: Info #287: KMP_AFFINITY: topology layer "LL cache" is equivalent to "socket".
OMP: Info #287: KMP_AFFINITY: topology layer "L3 cache" is equivalent to "socket".
OMP: Info #287: KMP_AFFINITY: topology layer "L2 cache" is equivalent to "core".
OMP: Info #287: KMP_AFFINITY: topology layer "L1 cache" is equivalent to "core".
OMP: Info #192: KMP_AFFINITY: 1 socket x 1 core/socket x 1 thread/core (1 total cores)
OMP: Info #218: KMP_AFFINITY: OS proc to physical thread map:
OMP: Info #172: KMP_AFFINITY: OS proc 18 maps to socket 1 core 0 thread 0 
OMP: Info #254: KMP_AFFINITY: pid 11990 tid 11990 thread 0 bound to OS proc set 18
OMP: Info #155: KMP_AFFINITY: Initial OS proc set respected: 18
OMP: Info #216: KMP_AFFINITY: decoding x2APIC ids.
OMP: Info #157: KMP_AFFINITY: 1 available OS procs
OMP: Info #158: KMP_AFFINITY: Uniform topology
OMP: Info #287: KMP_AFFINITY: topology layer "LL cache" is equivalent to "socket".
OMP: Info #287: KMP_AFFINITY: topology layer "L3 cache" is equivalent to "socket".
OMP: Info #287: KMP_AFFINITY: topology layer "L2 cache" is equivalent to "core".
OMP: Info #287: KMP_AFFINITY: topology layer "L1 cache" is equivalent to "core".
OMP: Info #192: KMP_AFFINITY: 1 socket x 1 core/socket x 1 thread/core (1 total cores)
OMP: Info #218: KMP_AFFINITY: OS proc to physical thread map:
OMP: Info #172: KMP_AFFINITY: OS proc 18 maps to socket 1 core 0 thread 0 
OMP: Info #254: KMP_AFFINITY: pid 12396 tid 12396 thread 0 bound to OS proc set 18
OMP: Info #155: KMP_AFFINITY: Initial OS proc set respected: 18
OMP: Info #216: KMP_AFFINITY: decoding x2APIC ids.
OMP: Info #157: KMP_AFFINITY: 1 available OS procs
OMP: Info #158: KMP_AFFINITY: Uniform topology
OMP: Info #287: KMP_AFFINITY: topology layer "LL cache" is equivalent to "socket".
OMP: Info #287: KMP_AFFINITY: topology layer "L3 cache" is equivalent to "socket".
OMP: Info #287: KMP_AFFINITY: topology layer "L2 cache" is equivalent to "core".
OMP: Info #287: KMP_AFFINITY: topology layer "L1 cache" is equivalent to "core".
OMP: Info #192: KMP_AFFINITY: 1 socket x 1 core/socket x 1 thread/core (1 total cores)
OMP: Info #218: KMP_AFFINITY: OS proc to physical thread map:
OMP: Info #172: KMP_AFFINITY: OS proc 18 maps to socket 1 core 0 thread 0 
OMP: Info #254: KMP_AFFINITY: pid 12494 tid 12494 thread 0 bound to OS proc set 18
OMP: Info #155: KMP_AFFINITY: Initial OS proc set respected: 18
OMP: Info #216: KMP_AFFINITY: decoding x2APIC ids.
OMP: Info #157: KMP_AFFINITY: 1 available OS procs
OMP: Info #158: KMP_AFFINITY: Uniform topology
OMP: Info #287: KMP_AFFINITY: topology layer "LL cache" is equivalent to "socket".
OMP: Info #287: KMP_AFFINITY: topology layer "L3 cache" is equivalent to "socket".
OMP: Info #287: KMP_AFFINITY: topology layer "L2 cache" is equivalent to "core".
OMP: Info #287: KMP_AFFINITY: topology layer "L1 cache" is equivalent to "core".
OMP: Info #192: KMP_AFFINITY: 1 socket x 1 core/socket x 1 thread/core (1 total cores)
OMP: Info #218: KMP_AFFINITY: OS proc to physical thread map:
OMP: Info #172: KMP_AFFINITY: OS proc 18 maps to socket 1 core 0 thread 0 
OMP: Info #254: KMP_AFFINITY: pid 12896 tid 12896 thread 0 bound to OS proc set 18
OMP: Info #155: KMP_AFFINITY: Initial OS proc set respected: 18
OMP: Info #216: KMP_AFFINITY: decoding x2APIC ids.
OMP: Info #157: KMP_AFFINITY: 1 available OS procs
OMP: Info #158: KMP_AFFINITY: Uniform topology
OMP: Info #287: KMP_AFFINITY: topology layer "LL cache" is equivalent to "socket".
OMP: Info #287: KMP_AFFINITY: topology layer "L3 cache" is equivalent to "socket".
OMP: Info #287: KMP_AFFINITY: topology layer "L2 cache" is equivalent to "core".
OMP: Info #287: KMP_AFFINITY: topology layer "L1 cache" is equivalent to "core".
OMP: Info #192: KMP_AFFINITY: 1 socket x 1 core/socket x 1 thread/core (1 total cores)
OMP: Info #218: KMP_AFFINITY: OS proc to physical thread map:
OMP: Info #172: KMP_AFFINITY: OS proc 18 maps to socket 1 core 0 thread 0 
OMP: Info #254: KMP_AFFINITY: pid 12990 tid 12990 thread 0 bound to OS proc set 18
OMP: Info #155: KMP_AFFINITY: Initial OS proc set respected: 18
OMP: Info #216: KMP_AFFINITY: decoding x2APIC ids.
OMP: Info #157: KMP_AFFINITY: 1 available OS procs
OMP: Info #158: KMP_AFFINITY: Uniform topology
OMP: Info #287: KMP_AFFINITY: topology layer "LL cache" is equivalent to "socket".
OMP: Info #287: KMP_AFFINITY: topology layer "L3 cache" is equivalent to "socket".
OMP: Info #287: KMP_AFFINITY: topology layer "L2 cache" is equivalent to "core".
OMP: Info #287: KMP_AFFINITY: topology layer "L1 cache" is equivalent to "core".
OMP: Info #192: KMP_AFFINITY: 1 socket x 1 core/socket x 1 thread/core (1 total cores)
OMP: Info #218: KMP_AFFINITY: OS proc to physical thread map:
OMP: Info #172: KMP_AFFINITY: OS proc 18 maps to socket 1 core 0 thread 0 
OMP: Info #254: KMP_AFFINITY: pid 13402 tid 13402 thread 0 bound to OS proc set 18
OMP: Info #155: KMP_AFFINITY: Initial OS proc set respected: 18
OMP: Info #216: KMP_AFFINITY: decoding x2APIC ids.
OMP: Info #157: KMP_AFFINITY: 1 available OS procs
OMP: Info #158: KMP_AFFINITY: Uniform topology
OMP: Info #287: KMP_AFFINITY: topology layer "LL cache" is equivalent to "socket".
OMP: Info #287: KMP_AFFINITY: topology layer "L3 cache" is equivalent to "socket".
OMP: Info #287: KMP_AFFINITY: topology layer "L2 cache" is equivalent to "core".
OMP: Info #287: KMP_AFFINITY: topology layer "L1 cache" is equivalent to "core".
OMP: Info #192: KMP_AFFINITY: 1 socket x 1 core/socket x 1 thread/core (1 total cores)
OMP: Info #218: KMP_AFFINITY: OS proc to physical thread map:
OMP: Info #172: KMP_AFFINITY: OS proc 18 maps to socket 1 core 0 thread 0 
OMP: Info #254: KMP_AFFINITY: pid 13499 tid 13499 thread 0 bound to OS proc set 18
OMP: Info #155: KMP_AFFINITY: Initial OS proc set respected: 18
OMP: Info #216: KMP_AFFINITY: decoding x2APIC ids.
OMP: Info #157: KMP_AFFINITY: 1 available OS procs
OMP: Info #158: KMP_AFFINITY: Uniform topology
OMP: Info #287: KMP_AFFINITY: topology layer "LL cache" is equivalent to "socket".
OMP: Info #287: KMP_AFFINITY: topology layer "L3 cache" is equivalent to "socket".
OMP: Info #287: KMP_AFFINITY: topology layer "L2 cache" is equivalent to "core".
OMP: Info #287: KMP_AFFINITY: topology layer "L1 cache" is equivalent to "core".
OMP: Info #192: KMP_AFFINITY: 1 socket x 1 core/socket x 1 thread/core (1 total cores)
OMP: Info #218: KMP_AFFINITY: OS proc to physical thread map:
OMP: Info #172: KMP_AFFINITY: OS proc 18 maps to socket 1 core 0 thread 0 
OMP: Info #254: KMP_AFFINITY: pid 13889 tid 13889 thread 0 bound to OS proc set 18
OMP: Info #155: KMP_AFFINITY: Initial OS proc set respected: 18
OMP: Info #216: KMP_AFFINITY: decoding x2APIC ids.
OMP: Info #157: KMP_AFFINITY: 1 available OS procs
OMP: Info #158: KMP_AFFINITY: Uniform topology
OMP: Info #287: KMP_AFFINITY: topology layer "LL cache" is equivalent to "socket".
OMP: Info #287: KMP_AFFINITY: topology layer "L3 cache" is equivalent to "socket".
OMP: Info #287: KMP_AFFINITY: topology layer "L2 cache" is equivalent to "core".
OMP: Info #287: KMP_AFFINITY: topology layer "L1 cache" is equivalent to "core".
OMP: Info #192: KMP_AFFINITY: 1 socket x 1 core/socket x 1 thread/core (1 total cores)
OMP: Info #218: KMP_AFFINITY: OS proc to physical thread map:
OMP: Info #172: KMP_AFFINITY: OS proc 18 maps to socket 1 core 0 thread 0 
OMP: Info #254: KMP_AFFINITY: pid 14002 tid 14002 thread 0 bound to OS proc set 18
OMP: Info #155: KMP_AFFINITY: Initial OS proc set respected: 18
OMP: Info #216: KMP_AFFINITY: decoding x2APIC ids.
OMP: Info #157: KMP_AFFINITY: 1 available OS procs
OMP: Info #158: KMP_AFFINITY: Uniform topology
OMP: Info #287: KMP_AFFINITY: topology layer "LL cache" is equivalent to "socket".
OMP: Info #287: KMP_AFFINITY: topology layer "L3 cache" is equivalent to "socket".
OMP: Info #287: KMP_AFFINITY: topology layer "L2 cache" is equivalent to "core".
OMP: Info #287: KMP_AFFINITY: topology layer "L1 cache" is equivalent to "core".
OMP: Info #192: KMP_AFFINITY: 1 socket x 1 core/socket x 1 thread/core (1 total cores)
OMP: Info #218: KMP_AFFINITY: OS proc to physical thread map:
OMP: Info #172: KMP_AFFINITY: OS proc 18 maps to socket 1 core 0 thread 0 
OMP: Info #254: KMP_AFFINITY: pid 14404 tid 14404 thread 0 bound to OS proc set 18
OMP: Info #155: KMP_AFFINITY: Initial OS proc set respected: 18
OMP: Info #216: KMP_AFFINITY: decoding x2APIC ids.
OMP: Info #157: KMP_AFFINITY: 1 available OS procs
OMP: Info #158: KMP_AFFINITY: Uniform topology
OMP: Info #287: KMP_AFFINITY: topology layer "LL cache" is equivalent to "socket".
OMP: Info #287: KMP_AFFINITY: topology layer "L3 cache" is equivalent to "socket".
OMP: Info #287: KMP_AFFINITY: topology layer "L2 cache" is equivalent to "core".
OMP: Info #287: KMP_AFFINITY: topology layer "L1 cache" is equivalent to "core".
OMP: Info #192: KMP_AFFINITY: 1 socket x 1 core/socket x 1 thread/core (1 total cores)
OMP: Info #218: KMP_AFFINITY: OS proc to physical thread map:
OMP: Info #172: KMP_AFFINITY: OS proc 18 maps to socket 1 core 0 thread 0 
OMP: Info #254: KMP_AFFINITY: pid 14501 tid 14501 thread 0 bound to OS proc set 18
OMP: Info #155: KMP_AFFINITY: Initial OS proc set respected: 18
OMP: Info #216: KMP_AFFINITY: decoding x2APIC ids.
OMP: Info #157: KMP_AFFINITY: 1 available OS procs
OMP: Info #158: KMP_AFFINITY: Uniform topology
OMP: Info #287: KMP_AFFINITY: topology layer "LL cache" is equivalent to "socket".
OMP: Info #287: KMP_AFFINITY: topology layer "L3 cache" is equivalent to "socket".
OMP: Info #287: KMP_AFFINITY: topology layer "L2 cache" is equivalent to "core".
OMP: Info #287: KMP_AFFINITY: topology layer "L1 cache" is equivalent to "core".
OMP: Info #192: KMP_AFFINITY: 1 socket x 1 core/socket x 1 thread/core (1 total cores)
OMP: Info #218: KMP_AFFINITY: OS proc to physical thread map:
OMP: Info #172: KMP_AFFINITY: OS proc 18 maps to socket 1 core 0 thread 0 
OMP: Info #254: KMP_AFFINITY: pid 14893 tid 14893 thread 0 bound to OS proc set 18
OMP: Info #155: KMP_AFFINITY: Initial OS proc set respected: 18
OMP: Info #216: KMP_AFFINITY: decoding x2APIC ids.
OMP: Info #157: KMP_AFFINITY: 1 available OS procs
OMP: Info #158: KMP_AFFINITY: Uniform topology
OMP: Info #287: KMP_AFFINITY: topology layer "LL cache" is equivalent to "socket".
OMP: Info #287: KMP_AFFINITY: topology layer "L3 cache" is equivalent to "socket".
OMP: Info #287: KMP_AFFINITY: topology layer "L2 cache" is equivalent to "core".
OMP: Info #287: KMP_AFFINITY: topology layer "L1 cache" is equivalent to "core".
OMP: Info #192: KMP_AFFINITY: 1 socket x 1 core/socket x 1 thread/core (1 total cores)
OMP: Info #218: KMP_AFFINITY: OS proc to physical thread map:
OMP: Info #172: KMP_AFFINITY: OS proc 18 maps to socket 1 core 0 thread 0 
OMP: Info #254: KMP_AFFINITY: pid 15022 tid 15022 thread 0 bound to OS proc set 18
OMP: Info #155: KMP_AFFINITY: Initial OS proc set respected: 18
OMP: Info #216: KMP_AFFINITY: decoding x2APIC ids.
OMP: Info #157: KMP_AFFINITY: 1 available OS procs
OMP: Info #158: KMP_AFFINITY: Uniform topology
OMP: Info #287: KMP_AFFINITY: topology layer "LL cache" is equivalent to "socket".
OMP: Info #287: KMP_AFFINITY: topology layer "L3 cache" is equivalent to "socket".
OMP: Info #287: KMP_AFFINITY: topology layer "L2 cache" is equivalent to "core".
OMP: Info #287: KMP_AFFINITY: topology layer "L1 cache" is equivalent to "core".
OMP: Info #192: KMP_AFFINITY: 1 socket x 1 core/socket x 1 thread/core (1 total cores)
OMP: Info #218: KMP_AFFINITY: OS proc to physical thread map:
OMP: Info #172: KMP_AFFINITY: OS proc 18 maps to socket 1 core 0 thread 0 
OMP: Info #254: KMP_AFFINITY: pid 15402 tid 15402 thread 0 bound to OS proc set 18
OMP: Info #155: KMP_AFFINITY: Initial OS proc set respected: 18
OMP: Info #216: KMP_AFFINITY: decoding x2APIC ids.
OMP: Info #157: KMP_AFFINITY: 1 available OS procs
OMP: Info #158: KMP_AFFINITY: Uniform topology
OMP: Info #287: KMP_AFFINITY: topology layer "LL cache" is equivalent to "socket".
OMP: Info #287: KMP_AFFINITY: topology layer "L3 cache" is equivalent to "socket".
OMP: Info #287: KMP_AFFINITY: topology layer "L2 cache" is equivalent to "core".
OMP: Info #287: KMP_AFFINITY: topology layer "L1 cache" is equivalent to "core".
OMP: Info #192: KMP_AFFINITY: 1 socket x 1 core/socket x 1 thread/core (1 total cores)
OMP: Info #218: KMP_AFFINITY: OS proc to physical thread map:
OMP: Info #172: KMP_AFFINITY: OS proc 18 maps to socket 1 core 0 thread 0 
OMP: Info #254: KMP_AFFINITY: pid 15517 tid 15517 thread 0 bound to OS proc set 18
OMP: Info #155: KMP_AFFINITY: Initial OS proc set respected: 18
OMP: Info #216: KMP_AFFINITY: decoding x2APIC ids.
OMP: Info #157: KMP_AFFINITY: 1 available OS procs
OMP: Info #158: KMP_AFFINITY: Uniform topology
OMP: Info #287: KMP_AFFINITY: topology layer "LL cache" is equivalent to "socket".
OMP: Info #287: KMP_AFFINITY: topology layer "L3 cache" is equivalent to "socket".
OMP: Info #287: KMP_AFFINITY: topology layer "L2 cache" is equivalent to "core".
OMP: Info #287: KMP_AFFINITY: topology layer "L1 cache" is equivalent to "core".
OMP: Info #192: KMP_AFFINITY: 1 socket x 1 core/socket x 1 thread/core (1 total cores)
OMP: Info #218: KMP_AFFINITY: OS proc to physical thread map:
OMP: Info #172: KMP_AFFINITY: OS proc 18 maps to socket 1 core 0 thread 0 
OMP: Info #254: KMP_AFFINITY: pid 15899 tid 15899 thread 0 bound to OS proc set 18
OMP: Info #155: KMP_AFFINITY: Initial OS proc set respected: 18
OMP: Info #216: KMP_AFFINITY: decoding x2APIC ids.
OMP: Info #157: KMP_AFFINITY: 1 available OS procs
OMP: Info #158: KMP_AFFINITY: Uniform topology
OMP: Info #287: KMP_AFFINITY: topology layer "LL cache" is equivalent to "socket".
OMP: Info #287: KMP_AFFINITY: topology layer "L3 cache" is equivalent to "socket".
OMP: Info #287: KMP_AFFINITY: topology layer "L2 cache" is equivalent to "core".
OMP: Info #287: KMP_AFFINITY: topology layer "L1 cache" is equivalent to "core".
OMP: Info #192: KMP_AFFINITY: 1 socket x 1 core/socket x 1 thread/core (1 total cores)
OMP: Info #218: KMP_AFFINITY: OS proc to physical thread map:
OMP: Info #172: KMP_AFFINITY: OS proc 18 maps to socket 1 core 0 thread 0 
OMP: Info #254: KMP_AFFINITY: pid 16029 tid 16029 thread 0 bound to OS proc set 18
