None
Trainable:  225361410
All:  225362434
w11:  Parameter containing:
tensor([0.5000], device='cuda:0', requires_grad=True)
w22:  Parameter containing:
tensor([0.5000], device='cuda:0', requires_grad=True)
Epoch:1,lr:0.01
not equal_num
from all class:  350
39.164 % not selected yet
=======>top1 acc on the test:39.88597491448119
=======>top5 acc on the test:64.3557582668187
w11:  Parameter containing:
tensor([0.1545], device='cuda:0', requires_grad=True)
w22:  Parameter containing:
tensor([0.7398], device='cuda:0', requires_grad=True)
Epoch:2,lr:0.01
not equal_num
from all class:  350
16.809 % not selected yet
=======>top1 acc on the test:48.20980615735462
=======>top5 acc on the test:73.66020524515393
w11:  Parameter containing:
tensor([0.1277], device='cuda:0', requires_grad=True)
w22:  Parameter containing:
tensor([0.7480], device='cuda:0', requires_grad=True)
Epoch:3,lr:0.01
