None
Trainable:  225361410
All:  225362434
w11:  Parameter containing:
tensor([0.5000], device='cuda:0', requires_grad=True)
w22:  Parameter containing:
tensor([0.5000], device='cuda:0', requires_grad=True)
Epoch:1,lr:0.01
not equal_num
from all class:  350
9.039 % not selected yet
=======>top1 acc on the test:45.72405929304447
=======>top5 acc on the test:70.83238312428735
w11:  Parameter containing:
tensor([0.2168], device='cuda:0', requires_grad=True)
w22:  Parameter containing:
tensor([0.7284], device='cuda:0', requires_grad=True)
Epoch:2,lr:0.01
not equal_num
from all class:  350
1.495 % not selected yet
=======>top1 acc on the test:52.01824401368301
=======>top5 acc on the test:77.99315849486887
w11:  Parameter containing:
tensor([0.1888], device='cuda:0', requires_grad=True)
w22:  Parameter containing:
tensor([0.7375], device='cuda:0', requires_grad=True)
Epoch:3,lr:0.01
