/home/aa7514/miniconda3/envs/sn_coreset/lib/python3.7/site-packages/tensorflow/python/framework/dtypes.py:526: FutureWarning: Passing (type, 1) or '1type' as a synonym of type is deprecated; in a future version of numpy, it will be understood as (type, (1,)) / '(1,)type'.
  _np_qint8 = np.dtype([("qint8", np.int8, 1)])
/home/aa7514/miniconda3/envs/sn_coreset/lib/python3.7/site-packages/tensorflow/python/framework/dtypes.py:527: FutureWarning: Passing (type, 1) or '1type' as a synonym of type is deprecated; in a future version of numpy, it will be understood as (type, (1,)) / '(1,)type'.
  _np_quint8 = np.dtype([("quint8", np.uint8, 1)])
/home/aa7514/miniconda3/envs/sn_coreset/lib/python3.7/site-packages/tensorflow/python/framework/dtypes.py:528: FutureWarning: Passing (type, 1) or '1type' as a synonym of type is deprecated; in a future version of numpy, it will be understood as (type, (1,)) / '(1,)type'.
  _np_qint16 = np.dtype([("qint16", np.int16, 1)])
/home/aa7514/miniconda3/envs/sn_coreset/lib/python3.7/site-packages/tensorflow/python/framework/dtypes.py:529: FutureWarning: Passing (type, 1) or '1type' as a synonym of type is deprecated; in a future version of numpy, it will be understood as (type, (1,)) / '(1,)type'.
  _np_quint16 = np.dtype([("quint16", np.uint16, 1)])
/home/aa7514/miniconda3/envs/sn_coreset/lib/python3.7/site-packages/tensorflow/python/framework/dtypes.py:530: FutureWarning: Passing (type, 1) or '1type' as a synonym of type is deprecated; in a future version of numpy, it will be understood as (type, (1,)) / '(1,)type'.
  _np_qint32 = np.dtype([("qint32", np.int32, 1)])
/home/aa7514/miniconda3/envs/sn_coreset/lib/python3.7/site-packages/tensorflow/python/framework/dtypes.py:535: FutureWarning: Passing (type, 1) or '1type' as a synonym of type is deprecated; in a future version of numpy, it will be understood as (type, (1,)) / '(1,)type'.
  np_resource = np.dtype([("resource", np.ubyte, 1)])
/home/aa7514/servenet_coreset/utils.py:49: UserWarning: To copy construct from a tensor, it is recommended to use sourceTensor.clone().detach() or sourceTensor.clone().detach().requires_grad_(True), rather than torch.tensor(sourceTensor).
  total_targets = torch.tensor(integer_encoded)
/home/aa7514/servenet_coreset/utils.py:53: UserWarning: To copy construct from a tensor, it is recommended to use sourceTensor.clone().detach() or sourceTensor.clone().detach().requires_grad_(True), rather than torch.tensor(sourceTensor).
  desc_list.append(torch.tensor(value))
/home/aa7514/servenet_coreset/utils.py:57: UserWarning: To copy construct from a tensor, it is recommended to use sourceTensor.clone().detach() or sourceTensor.clone().detach().requires_grad_(True), rather than torch.tensor(sourceTensor).
  name_list.append(torch.tensor(value))
/home/aa7514/servenet_coreset/utils.py:94: UserWarning: To copy construct from a tensor, it is recommended to use sourceTensor.clone().detach() or sourceTensor.clone().detach().requires_grad_(True), rather than torch.tensor(sourceTensor).
  desc_list.append(torch.tensor(value))
/home/aa7514/servenet_coreset/utils.py:98: UserWarning: To copy construct from a tensor, it is recommended to use sourceTensor.clone().detach() or sourceTensor.clone().detach().requires_grad_(True), rather than torch.tensor(sourceTensor).
  name_list.append(torch.tensor(value))
Some weights of the model checkpoint at bert-base-uncased were not used when initializing BertModel: ['cls.predictions.transform.LayerNorm.bias', 'cls.predictions.bias', 'cls.seq_relationship.bias', 'cls.seq_relationship.weight', 'cls.predictions.transform.dense.bias', 'cls.predictions.decoder.weight', 'cls.predictions.transform.LayerNorm.weight', 'cls.predictions.transform.dense.weight']
- This IS expected if you are initializing BertModel from the checkpoint of a model trained on another task or with another architecture (e.g. initializing a BertForSequenceClassification model from a BertForPreTraining model).
- This IS NOT expected if you are initializing BertModel from the checkpoint of a model that you expect to be exactly identical (initializing a BertForSequenceClassification model from a BertForSequenceClassification model).
Some weights of the model checkpoint at bert-base-uncased were not used when initializing BertModel: ['cls.predictions.transform.LayerNorm.bias', 'cls.predictions.bias', 'cls.seq_relationship.bias', 'cls.seq_relationship.weight', 'cls.predictions.transform.dense.bias', 'cls.predictions.decoder.weight', 'cls.predictions.transform.LayerNorm.weight', 'cls.predictions.transform.dense.weight']
- This IS expected if you are initializing BertModel from the checkpoint of a model trained on another task or with another architecture (e.g. initializing a BertForSequenceClassification model from a BertForPreTraining model).
- This IS NOT expected if you are initializing BertModel from the checkpoint of a model that you expect to be exactly identical (initializing a BertForSequenceClassification model from a BertForSequenceClassification model).
OMP: Info #155: KMP_AFFINITY: Initial OS proc set respected: 18
OMP: Info #216: KMP_AFFINITY: decoding x2APIC ids.
OMP: Info #157: KMP_AFFINITY: 1 available OS procs
OMP: Info #158: KMP_AFFINITY: Uniform topology
OMP: Info #287: KMP_AFFINITY: topology layer "LL cache" is equivalent to "socket".
OMP: Info #287: KMP_AFFINITY: topology layer "L3 cache" is equivalent to "socket".
OMP: Info #287: KMP_AFFINITY: topology layer "L2 cache" is equivalent to "core".
OMP: Info #287: KMP_AFFINITY: topology layer "L1 cache" is equivalent to "core".
OMP: Info #192: KMP_AFFINITY: 1 socket x 1 core/socket x 1 thread/core (1 total cores)
OMP: Info #218: KMP_AFFINITY: OS proc to physical thread map:
OMP: Info #172: KMP_AFFINITY: OS proc 18 maps to socket 1 core 0 thread 0 
OMP: Info #254: KMP_AFFINITY: pid 18421 tid 18421 thread 0 bound to OS proc set 18
/home/aa7514/servenet_coreset/util.py:501: VisibleDeprecationWarning: Creating an ndarray from ragged nested sequences (which is a list-or-tuple of lists-or-tuples-or ndarrays with different lengths or shapes) is deprecated. If you meant to do this, you must specify 'dtype=object' when creating the ndarray.
  order_mg_all = np.array(order_mg_all)
/home/aa7514/servenet_coreset/util.py:502: VisibleDeprecationWarning: Creating an ndarray from ragged nested sequences (which is a list-or-tuple of lists-or-tuples-or ndarrays with different lengths or shapes) is deprecated. If you meant to do this, you must specify 'dtype=object' when creating the ndarray.
  cluster_sizes_all = np.array(cluster_sizes_all)
OMP: Info #155: KMP_AFFINITY: Initial OS proc set respected: 18
OMP: Info #216: KMP_AFFINITY: decoding x2APIC ids.
OMP: Info #157: KMP_AFFINITY: 1 available OS procs
OMP: Info #158: KMP_AFFINITY: Uniform topology
OMP: Info #287: KMP_AFFINITY: topology layer "LL cache" is equivalent to "socket".
OMP: Info #287: KMP_AFFINITY: topology layer "L3 cache" is equivalent to "socket".
OMP: Info #287: KMP_AFFINITY: topology layer "L2 cache" is equivalent to "core".
OMP: Info #287: KMP_AFFINITY: topology layer "L1 cache" is equivalent to "core".
OMP: Info #192: KMP_AFFINITY: 1 socket x 1 core/socket x 1 thread/core (1 total cores)
OMP: Info #218: KMP_AFFINITY: OS proc to physical thread map:
OMP: Info #172: KMP_AFFINITY: OS proc 18 maps to socket 1 core 0 thread 0 
OMP: Info #254: KMP_AFFINITY: pid 18701 tid 18701 thread 0 bound to OS proc set 18
OMP: Info #155: KMP_AFFINITY: Initial OS proc set respected: 18
OMP: Info #216: KMP_AFFINITY: decoding x2APIC ids.
OMP: Info #157: KMP_AFFINITY: 1 available OS procs
OMP: Info #158: KMP_AFFINITY: Uniform topology
OMP: Info #287: KMP_AFFINITY: topology layer "LL cache" is equivalent to "socket".
OMP: Info #287: KMP_AFFINITY: topology layer "L3 cache" is equivalent to "socket".
OMP: Info #287: KMP_AFFINITY: topology layer "L2 cache" is equivalent to "core".
OMP: Info #287: KMP_AFFINITY: topology layer "L1 cache" is equivalent to "core".
OMP: Info #192: KMP_AFFINITY: 1 socket x 1 core/socket x 1 thread/core (1 total cores)
OMP: Info #218: KMP_AFFINITY: OS proc to physical thread map:
OMP: Info #172: KMP_AFFINITY: OS proc 18 maps to socket 1 core 0 thread 0 
OMP: Info #254: KMP_AFFINITY: pid 18979 tid 18979 thread 0 bound to OS proc set 18
OMP: Info #155: KMP_AFFINITY: Initial OS proc set respected: 18
OMP: Info #216: KMP_AFFINITY: decoding x2APIC ids.
OMP: Info #157: KMP_AFFINITY: 1 available OS procs
OMP: Info #158: KMP_AFFINITY: Uniform topology
OMP: Info #287: KMP_AFFINITY: topology layer "LL cache" is equivalent to "socket".
OMP: Info #287: KMP_AFFINITY: topology layer "L3 cache" is equivalent to "socket".
OMP: Info #287: KMP_AFFINITY: topology layer "L2 cache" is equivalent to "core".
OMP: Info #287: KMP_AFFINITY: topology layer "L1 cache" is equivalent to "core".
OMP: Info #192: KMP_AFFINITY: 1 socket x 1 core/socket x 1 thread/core (1 total cores)
OMP: Info #218: KMP_AFFINITY: OS proc to physical thread map:
OMP: Info #172: KMP_AFFINITY: OS proc 18 maps to socket 1 core 0 thread 0 
OMP: Info #254: KMP_AFFINITY: pid 19057 tid 19057 thread 0 bound to OS proc set 18
/home/aa7514/servenet_coreset/util.py:501: VisibleDeprecationWarning: Creating an ndarray from ragged nested sequences (which is a list-or-tuple of lists-or-tuples-or ndarrays with different lengths or shapes) is deprecated. If you meant to do this, you must specify 'dtype=object' when creating the ndarray.
  order_mg_all = np.array(order_mg_all)
/home/aa7514/servenet_coreset/util.py:502: VisibleDeprecationWarning: Creating an ndarray from ragged nested sequences (which is a list-or-tuple of lists-or-tuples-or ndarrays with different lengths or shapes) is deprecated. If you meant to do this, you must specify 'dtype=object' when creating the ndarray.
  cluster_sizes_all = np.array(cluster_sizes_all)
OMP: Info #155: KMP_AFFINITY: Initial OS proc set respected: 18
OMP: Info #216: KMP_AFFINITY: decoding x2APIC ids.
OMP: Info #157: KMP_AFFINITY: 1 available OS procs
OMP: Info #158: KMP_AFFINITY: Uniform topology
OMP: Info #287: KMP_AFFINITY: topology layer "LL cache" is equivalent to "socket".
OMP: Info #287: KMP_AFFINITY: topology layer "L3 cache" is equivalent to "socket".
OMP: Info #287: KMP_AFFINITY: topology layer "L2 cache" is equivalent to "core".
OMP: Info #287: KMP_AFFINITY: topology layer "L1 cache" is equivalent to "core".
OMP: Info #192: KMP_AFFINITY: 1 socket x 1 core/socket x 1 thread/core (1 total cores)
OMP: Info #218: KMP_AFFINITY: OS proc to physical thread map:
OMP: Info #172: KMP_AFFINITY: OS proc 18 maps to socket 1 core 0 thread 0 
OMP: Info #254: KMP_AFFINITY: pid 19261 tid 19261 thread 0 bound to OS proc set 18
OMP: Info #155: KMP_AFFINITY: Initial OS proc set respected: 18
OMP: Info #216: KMP_AFFINITY: decoding x2APIC ids.
OMP: Info #157: KMP_AFFINITY: 1 available OS procs
OMP: Info #158: KMP_AFFINITY: Uniform topology
OMP: Info #287: KMP_AFFINITY: topology layer "LL cache" is equivalent to "socket".
OMP: Info #287: KMP_AFFINITY: topology layer "L3 cache" is equivalent to "socket".
OMP: Info #287: KMP_AFFINITY: topology layer "L2 cache" is equivalent to "core".
OMP: Info #287: KMP_AFFINITY: topology layer "L1 cache" is equivalent to "core".
OMP: Info #192: KMP_AFFINITY: 1 socket x 1 core/socket x 1 thread/core (1 total cores)
OMP: Info #218: KMP_AFFINITY: OS proc to physical thread map:
OMP: Info #172: KMP_AFFINITY: OS proc 18 maps to socket 1 core 0 thread 0 
OMP: Info #254: KMP_AFFINITY: pid 20006 tid 20006 thread 0 bound to OS proc set 18
OMP: Info #155: KMP_AFFINITY: Initial OS proc set respected: 18
OMP: Info #216: KMP_AFFINITY: decoding x2APIC ids.
OMP: Info #157: KMP_AFFINITY: 1 available OS procs
OMP: Info #158: KMP_AFFINITY: Uniform topology
OMP: Info #287: KMP_AFFINITY: topology layer "LL cache" is equivalent to "socket".
OMP: Info #287: KMP_AFFINITY: topology layer "L3 cache" is equivalent to "socket".
OMP: Info #287: KMP_AFFINITY: topology layer "L2 cache" is equivalent to "core".
OMP: Info #287: KMP_AFFINITY: topology layer "L1 cache" is equivalent to "core".
OMP: Info #192: KMP_AFFINITY: 1 socket x 1 core/socket x 1 thread/core (1 total cores)
OMP: Info #218: KMP_AFFINITY: OS proc to physical thread map:
OMP: Info #172: KMP_AFFINITY: OS proc 18 maps to socket 1 core 0 thread 0 
OMP: Info #254: KMP_AFFINITY: pid 20095 tid 20095 thread 0 bound to OS proc set 18
slurmstepd: error: *** JOB 15835568 ON skl-a-38 CANCELLED AT 2023-03-13T12:03:26 ***
