None
Trainable:  225361410
All:  225362434
w11:  Parameter containing:
tensor([0.5000], device='cuda:0', requires_grad=True)
w22:  Parameter containing:
tensor([0.5000], device='cuda:0', requires_grad=True)
Epoch:1,lr:0.01
not equal_num
from all class:  350
28.909 % not selected yet
=======>top1 acc on the test:42.782212086659065
=======>top5 acc on the test:67.59407069555301
w11:  Parameter containing:
tensor([0.1681], device='cuda:0', requires_grad=True)
w22:  Parameter containing:
tensor([0.7459], device='cuda:0', requires_grad=True)
Epoch:2,lr:0.01
not equal_num
from all class:  350
10.047 % not selected yet
=======>top1 acc on the test:49.578107183580386
=======>top5 acc on the test:76.48802736602052
w11:  Parameter containing:
tensor([0.1635], device='cuda:0', requires_grad=True)
w22:  Parameter containing:
tensor([0.7488], device='cuda:0', requires_grad=True)
Epoch:3,lr:0.01
