None
Trainable:  225361410
All:  225362434
w11:  Parameter containing:
tensor([0.5000], device='cuda:0', requires_grad=True)
w22:  Parameter containing:
tensor([0.5000], device='cuda:0', requires_grad=True)
Epoch:1,lr:0.01
not equal_num
from all class:  350
19.104 % not selected yet
=======>top1 acc on the test:44.26453819840365
=======>top5 acc on the test:68.82554161915621
w11:  Parameter containing:
tensor([0.2182], device='cuda:0', requires_grad=True)
w22:  Parameter containing:
tensor([0.7260], device='cuda:0', requires_grad=True)
Epoch:2,lr:0.01
not equal_num
from all class:  350
4.668 % not selected yet
=======>top1 acc on the test:50.44469783352338
=======>top5 acc on the test:77.58266818700115
w11:  Parameter containing:
tensor([0.1915], device='cuda:0', requires_grad=True)
w22:  Parameter containing:
tensor([0.7350], device='cuda:0', requires_grad=True)
Epoch:3,lr:0.01
